Project Informationc:\documents and settings\aluno\desktop\ap07\fulladder4bits.rpt

MAX+plus II Compiler Report File
Version 10.2 07/10/2002
Compiled: 09/27/2010 11:33:29

Copyright (C) 1988-2002 Altera Corporation
Any megafunction design, and related net list (encrypted or decrypted),
support information, device programming or simulation file, and any other
associated documentation or information provided by Altera or a partner
under Altera's Megafunction Partnership Program may be used only to
program PLD devices (but not masked PLD devices) from Altera.  Any other
use of such megafunction design, net list, support information, device
programming or simulation file, or any other related documentation or
information is prohibited for any other purpose, including, but not
limited to modification, reverse engineering, de-compiling, or use with
any other silicon devices, unless such use is explicitly licensed under
a separate agreement with Altera or a megafunction partner.  Title to
the intellectual property, including patents, copyrights, trademarks,
trade secrets, or maskworks, embodied in any such megafunction design,
net list, support information, device programming or simulation file, or
any other related documentation or information provided by Altera or a
megafunction partner, remains with Altera, the megafunction partner, or
their respective licensors.  No other licenses, including any licenses
needed under any third party's intellectual property, are provided herein.



***** Project compilation was successful




** DEVICE SUMMARY **

Chip/                     Input   Output   Bidir         Shareable
POF       Device          Pins    Pins     Pins     LCs  Expanders  % Utilized

fulladder4bits
      EPM7032LC44-6        9        8        0      12      10          37 %

User Pins:                 9        8        0  



Project Informationc:\documents and settings\aluno\desktop\ap07\fulladder4bits.rpt

** FILE HIERARCHY **



|fulladder:1|
|fulladder:4|
|fulladder:6|
|fulladder:5|


Device-Specific Information:c:\documents and settings\aluno\desktop\ap07\fulladder4bits.rpt
fulladder4bits

***** Logic for device 'fulladder4bits' compiled without errors.




Device: EPM7032LC44-6

Device Options:
    Turbo Bit                                    = ON
    Security Bit                                 = OFF

                                         R     
                                         E     
                                         S     
                                         E     
                                         R     
                 C     V  G  G  G  G  G  V     
              B  i  A  C  N  N  N  N  N  E  S  
              3  n  0  C  D  D  D  D  D  D  0  
            -----------------------------------_ 
          /   6  5  4  3  2  1 44 43 42 41 40   | 
      B2 |  7                                39 | S1 
      B1 |  8                                38 | S2 
      B0 |  9                                37 | C2 
     GND | 10                                36 | C1 
      A3 | 11                                35 | VCC 
      A2 | 12         EPM7032LC44-6          34 | S3 
      A1 | 13                                33 | C0 
RESERVED | 14                                32 | RESERVED 
     VCC | 15                                31 | RESERVED 
RESERVED | 16                                30 | GND 
RESERVED | 17                                29 | C3 
         |_  18 19 20 21 22 23 24 25 26 27 28  _| 
           ------------------------------------ 
              R  R  R  R  G  V  R  R  R  R  R  
              E  E  E  E  N  C  E  E  E  E  E  
              S  S  S  S  D  C  S  S  S  S  S  
              E  E  E  E        E  E  E  E  E  
              R  R  R  R        R  R  R  R  R  
              V  V  V  V        V  V  V  V  V  
              E  E  E  E        E  E  E  E  E  
              D  D  D  D        D  D  D  D  D  


N.C. = No Connect. This pin has no internal connection to the device.
VCC = Dedicated power pin, which MUST be connected to VCC.
GND = Dedicated ground pin or unused dedicated input, which MUST be connected to GND.
RESERVED = Unused I/O pin, which MUST be left unconnected.



Device-Specific Information:c:\documents and settings\aluno\desktop\ap07\fulladder4bits.rpt
fulladder4bits

** RESOURCE USAGE **

                                                Shareable     External
Logic Array Block     Logic Cells   I/O Pins    Expanders   Interconnect

A:     LC1 - LC16     0/16(  0%)   9/16( 56%)   0/16(  0%)   0/36(  0%) 
B:    LC17 - LC32    12/16( 75%)   8/16( 50%)  16/16(100%)  13/36( 36%) 


Total dedicated input pins used:                 0/4      (  0%)
Total I/O pins used:                            17/32     ( 53%)
Total logic cells used:                         12/32     ( 37%)
Total shareable expanders used:                 10/32     ( 31%)
Total Turbo logic cells used:                   12/32     ( 37%)
Total shareable expanders not available (n/a):   6/32     ( 18%)
Average fan-in:                                  5.91
Total fan-in:                                    71

Total input pins required:                       9
Total output pins required:                      8
Total bidirectional pins required:               0
Total logic cells required:                     12
Total flipflops required:                        0
Total product terms required:                   58
Total logic cells lending parallel expanders:    0
Total shareable expanders in database:          10

Synthesized logic cells:                         4/  32   ( 12%)



Device-Specific Information:c:\documents and settings\aluno\desktop\ap07\fulladder4bits.rpt
fulladder4bits

** INPUTS **

                                         Shareable
                                         Expanders     Fan-In    Fan-Out
 Pin     LC  LAB  Primitive    Code   Total Shared n/a INP  FBK  OUT  FBK  Name
   4    (1)  (A)      INPUT               0      0   0    0    0    7    4  A0
  13    (9)  (A)      INPUT               0      0   0    0    0    5    4  A1
  12    (8)  (A)      INPUT               0      0   0    0    0    4    3  A2
  11    (7)  (A)      INPUT               0      0   0    0    0    2    0  A3
   9    (6)  (A)      INPUT               0      0   0    0    0    6    4  B0
   8    (5)  (A)      INPUT               0      0   0    0    0    5    4  B1
   7    (4)  (A)      INPUT               0      0   0    0    0    4    2  B2
   6    (3)  (A)      INPUT               0      0   0    0    0    2    0  B3
   5    (2)  (A)      INPUT               0      0   0    0    0    7    4  Cin


Code:

s = Synthesized pin or logic cell
t = Turbo logic cell
+ = Synchronous flipflop
! = NOT gate push-back
r = Fitter-inserted logic cell


Device-Specific Information:c:\documents and settings\aluno\desktop\ap07\fulladder4bits.rpt
fulladder4bits

** OUTPUTS **

                                         Shareable
                                         Expanders     Fan-In    Fan-Out
 Pin     LC  LAB  Primitive    Code   Total Shared n/a INP  FBK  OUT  FBK  Name
  33     24    B     OUTPUT      t        0      0   0    3    0    0    0  C0
  36     22    B     OUTPUT      t        2      2   0    5    0    0    0  C1
  37     21    B     OUTPUT      t        4      3   1    7    0    0    0  C2
  29     27    B     OUTPUT      t        5      3   1    9    0    0    0  C3
  40     18    B     OUTPUT      t        0      0   0    3    0    0    0  S0
  39     19    B     OUTPUT      t        3      1   1    5    0    0    0  S1
  38     20    B     OUTPUT      t        4      1   0    6    1    0    0  S2
  34     23    B     OUTPUT      t        3      1   0    4    3    0    0  S3


Code:

s = Synthesized pin or logic cell
t = Turbo logic cell
+ = Synchronous flipflop
! = NOT gate push-back
r = Fitter-inserted logic cell


Device-Specific Information:c:\documents and settings\aluno\desktop\ap07\fulladder4bits.rpt
fulladder4bits

** BURIED LOGIC **

                                         Shareable
                                         Expanders     Fan-In    Fan-Out
 Pin     LC  LAB  Primitive    Code   Total Shared n/a INP  FBK  OUT  FBK  Name
 (31)    26    B       SOFT    s t        1      0   1    6    0    1    0  |fulladder:4|S~1 (|fulladder:4|~5~1)
 (27)    29    B       SOFT    s t        1      0   1    7    0    1    0  |fulladder:4|S~2 (|fulladder:4|~5~2)
 (32)    25    B       SOFT    s t        0      0   0    7    0    1    0  |fulladder:4|S~3 (|fulladder:4|~5~3)
 (41)    17    B       SOFT    s t        1      0   1    5    0    1    0  |fulladder:6|S~1 (|fulladder:6|~5~1)


Code:

s = Synthesized pin or logic cell
t = Turbo logic cell
+ = Synchronous flipflop
! = NOT gate push-back
r = Fitter-inserted logic cell


Device-Specific Information:c:\documents and settings\aluno\desktop\ap07\fulladder4bits.rpt
fulladder4bits

** LOGIC CELL INTERCONNECTIONS **

Logic Array Block 'B':

                                 Logic cells placed in LAB 'B'
        +----------------------- LC24 C0
        | +--------------------- LC22 C1
        | | +------------------- LC21 C2
        | | | +----------------- LC27 C3
        | | | | +--------------- LC26 |fulladder:4|S~1
        | | | | | +------------- LC29 |fulladder:4|S~2
        | | | | | | +----------- LC25 |fulladder:4|S~3
        | | | | | | | +--------- LC17 |fulladder:6|S~1
        | | | | | | | | +------- LC18 S0
        | | | | | | | | | +----- LC19 S1
        | | | | | | | | | | +--- LC20 S2
        | | | | | | | | | | | +- LC23 S3
        | | | | | | | | | | | | 
        | | | | | | | | | | | |   Other LABs fed by signals
        | | | | | | | | | | | |   that feed LAB 'B'
LC      | | | | | | | | | | | | | A B |     Logic cells that feed LAB 'B':
LC26 -> - - - - - - - - - - - * | - * | <-- |fulladder:4|S~1
LC29 -> - - - - - - - - - - - * | - * | <-- |fulladder:4|S~2
LC25 -> - - - - - - - - - - - * | - * | <-- |fulladder:4|S~3
LC17 -> - - - - - - - - - - * - | - * | <-- |fulladder:6|S~1

Pin
4    -> * * * * * * * * * * * - | - * | <-- A0
13   -> - * * * * * * * - * * - | - * | <-- A1
12   -> - - * * * * * - - - * * | - * | <-- A2
11   -> - - - * - - - - - - - * | - * | <-- A3
9    -> * * * * * * * * * * - - | - * | <-- B0
8    -> - * * * * * * * - * * - | - * | <-- B1
7    -> - - * * - * * - - - * * | - * | <-- B2
6    -> - - - * - - - - - - - * | - * | <-- B3
5    -> * * * * * * * * * * * - | - * | <-- Cin


* = The logic cell or pin is an input to the logic cell (or LAB) through the PIA.
- = The logic cell or pin is not an input to the logic cell (or LAB).


Device-Specific Information:c:\documents and settings\aluno\desktop\ap07\fulladder4bits.rpt
fulladder4bits

** EQUATIONS **

A0       : INPUT;
A1       : INPUT;
A2       : INPUT;
A3       : INPUT;
B0       : INPUT;
B1       : INPUT;
B2       : INPUT;
B3       : INPUT;
Cin      : INPUT;

-- Node name is 'C0' 
-- Equation name is 'C0', location is LC024, type is output.
 C0      = LCELL( _EQ001 $  A0);
  _EQ001 = !A0 &  B0 &  Cin
         #  A0 & !B0 & !Cin;

-- Node name is 'C1' 
-- Equation name is 'C1', location is LC022, type is output.
 C1      = LCELL( _EQ002 $  VCC);
  _EQ002 = !A0 & !A1 &  _X001
         # !B0 & !Cin &  _X002
         # !A0 & !B1 &  _X001
         # !A1 & !B1;
  _X001  = EXP( B0 &  Cin);
  _X002  = EXP( A1 &  B1);

-- Node name is 'C2' 
-- Equation name is 'C2', location is LC021, type is output.
 C2      = LCELL( _EQ003 $  VCC);
  _EQ003 = !A0 & !A2 &  _X001 &  _X002
         # !B0 & !Cin &  _X002 &  _X003
         # !A0 & !B2 &  _X001 &  _X002
         # !A1 & !B1 &  _X003
         # !A2 & !B2;
  _X001  = EXP( B0 &  Cin);
  _X002  = EXP( A1 &  B1);
  _X003  = EXP( A2 &  B2);

-- Node name is 'C3' 
-- Equation name is 'C3', location is LC027, type is output.
 C3      = LCELL( _EQ004 $  VCC);
  _EQ004 = !A0 &  _X001 &  _X002 &  _X003 &  _X004
         # !B0 & !Cin &  _X002 &  _X003 &  _X004
         # !A1 & !B1 &  _X003 &  _X004
         # !A2 & !B2 &  _X004
         # !A3 & !B3;
  _X001  = EXP( B0 &  Cin);
  _X002  = EXP( A1 &  B1);
  _X003  = EXP( A2 &  B2);
  _X004  = EXP( A3 &  B3);

-- Node name is 'S0' 
-- Equation name is 'S0', location is LC018, type is output.
 S0      = LCELL( _EQ005 $  Cin);
  _EQ005 =  A0 & !B0
         # !A0 &  B0;

-- Node name is 'S1' 
-- Equation name is 'S1', location is LC019, type is output.
 S1      = LCELL( _EQ006 $  A1);
  _EQ006 =  A0 & !B1 &  Cin
         #  B0 & !B1 &  _X005
         # !A0 &  B1 &  _X001
         # !B0 &  B1 & !Cin;
  _X005  = EXP(!A0 & !Cin);
  _X001  = EXP( B0 &  Cin);

-- Node name is 'S2' 
-- Equation name is 'S2', location is LC020, type is output.
 S2      = LCELL( _EQ007 $  _EQ008);
  _EQ007 =  _X006 &  _X007;
  _X006  = EXP(!A2 &  B2);
  _X007  = EXP( A2 & !B2);
  _EQ008 = !_LC017 &  _X002 &  _X008;
  _X002  = EXP( A1 &  B1);
  _X008  = EXP( A0 &  B1 &  Cin);

-- Node name is 'S3' 
-- Equation name is 'S3', location is LC023, type is output.
 S3      = LCELL( _EQ009 $  _EQ010);
  _EQ009 =  _X009 &  _X010;
  _X009  = EXP(!A3 &  B3);
  _X010  = EXP( A3 & !B3);
  _EQ010 = !_LC025 & !_LC026 & !_LC029 &  _X003;
  _X003  = EXP( A2 &  B2);

-- Node name is '|fulladder:4|~5~1' = '|fulladder:4|S~1' 
-- Equation name is '_LC026', type is buried 
-- synthesized logic cell 
_LC026   = LCELL( _EQ011 $  GND);
  _EQ011 =  A0 &  A1 &  A2 &  Cin
         #  A1 &  A2 &  B0 &  Cin
         #  A0 &  A1 &  A2 &  B0
         #  A0 &  A2 &  B0 &  B1
         #  A2 &  B0 &  B1 &  Cin;

-- Node name is '|fulladder:4|~5~2' = '|fulladder:4|S~2' 
-- Equation name is '_LC029', type is buried 
-- synthesized logic cell 
_LC029   = LCELL( _EQ012 $  GND);
  _EQ012 =  A0 &  A2 &  B1 &  Cin
         #  A0 &  B1 &  B2 &  Cin
         #  B0 &  B1 &  B2 &  Cin
         #  A0 &  B0 &  B1 &  B2
         #  A0 &  A1 &  B0 &  B2;

-- Node name is '|fulladder:4|~5~3' = '|fulladder:4|S~3' 
-- Equation name is '_LC025', type is buried 
-- synthesized logic cell 
_LC025   = LCELL( _EQ013 $  GND);
  _EQ013 =  A1 &  B0 &  B2 &  Cin
         #  A0 &  A1 &  B2 &  Cin
         #  A1 &  A2 &  B1
         #  A1 &  B1 &  B2;

-- Node name is '|fulladder:6|~5~1' = '|fulladder:6|S~1' 
-- Equation name is '_LC017', type is buried 
-- synthesized logic cell 
_LC017   = LCELL( _EQ014 $  GND);
  _EQ014 =  A0 &  A1 &  Cin
         #  A1 &  B0 &  Cin
         #  A0 &  A1 &  B0
         #  A0 &  B0 &  B1
         #  B0 &  B1 &  Cin;



--     Shareable expanders that are duplicated in multiple LABs:
--     (none)




Project Informationc:\documents and settings\aluno\desktop\ap07\fulladder4bits.rpt

** COMPILATION SETTINGS & TIMES **

Processing Menu Commands
------------------------

Design Doctor                             = off

Logic Synthesis:

   Synthesis Type Used                    = Standard

   Default Synthesis Style                = NORMAL

      Logic option settings in 'NORMAL' style for 'MAX7000' family

      DECOMPOSE_GATES                     = on
      DUPLICATE_LOGIC_EXTRACTION          = on
      MINIMIZATION                        = full
      MULTI_LEVEL_FACTORING               = on
      NOT_GATE_PUSH_BACK                  = on
      PARALLEL_EXPANDERS                  = off
      REDUCE_LOGIC                        = on
      REFACTORIZATION                     = on
      REGISTER_OPTIMIZATION               = on
      RESYNTHESIZE_NETWORK                = on
      SLOW_SLEW_RATE                      = off
      SOFT_BUFFER_INSERTION               = on
      SUBFACTOR_EXTRACTION                = on
      TURBO_BIT                           = on
      XOR_SYNTHESIS                       = on
      IGNORE_SOFT_BUFFERS                 = off
      USE_LPM_FOR_AHDL_OPERATORS          = off

   Other logic synthesis settings:

      Automatic Global Clock              = on
      Automatic Global Clear              = on
      Automatic Global Preset             = on
      Automatic Global Output Enable      = on
      Automatic Fast I/O                  = off
      Automatic Register Packing          = off
      Automatic Open-Drain Pins           = on
      Automatic Implement in EAB          = off
      One-Hot State Machine Encoding      = off
      Optimize                            = 5

Default Timing Specifications: None

Cut All Bidir Feedback Timing Paths       = on
Cut All Clear & Preset Timing Paths       = on

Ignore Timing Assignments                 = off

Functional SNF Extractor                  = off

Linked SNF Extractor                      = off
Timing SNF Extractor                      = on
Optimize Timing SNF                       = off
Generate AHDL TDO File                    = off
Fitter Settings                           = NORMAL
Smart Recompile                           = off
Total Recompile                           = off

Interfaces Menu Commands
------------------------

EDIF Netlist Writer                       = off
Verilog Netlist Writer                    = off
VHDL Netlist Writer                       = off

Compilation Times
-----------------

   Compiler Netlist Extractor             00:00:00
   Database Builder                       00:00:00
   Logic Synthesizer                      00:00:01
   Partitioner                            00:00:00
   Fitter                                 00:00:00
   Timing SNF Extractor                   00:00:00
   Assembler                              00:00:00
   --------------------------             --------
   Total Time                             00:00:01


Memory Allocated
-----------------

Peak memory allocated during compilation  = 2,744K
