Project Information                               c:\ap13\contador_primos2.rpt

MAX+plus II Compiler Report File
Version 10.2 07/10/2002
Compiled: 11/11/2010 22:21:03

Copyright (C) 1988-2002 Altera Corporation
Any megafunction design, and related net list (encrypted or decrypted),
support information, device programming or simulation file, and any other
associated documentation or information provided by Altera or a partner
under Altera's Megafunction Partnership Program may be used only to
program PLD devices (but not masked PLD devices) from Altera.  Any other
use of such megafunction design, net list, support information, device
programming or simulation file, or any other related documentation or
information is prohibited for any other purpose, including, but not
limited to modification, reverse engineering, de-compiling, or use with
any other silicon devices, unless such use is explicitly licensed under
a separate agreement with Altera or a megafunction partner.  Title to
the intellectual property, including patents, copyrights, trademarks,
trade secrets, or maskworks, embodied in any such megafunction design,
net list, support information, device programming or simulation file, or
any other related documentation or information provided by Altera or a
megafunction partner, remains with Altera, the megafunction partner, or
their respective licensors.  No other licenses, including any licenses
needed under any third party's intellectual property, are provided herein.



***** Project compilation was successful




** DEVICE SUMMARY **

Chip/                     Input   Output   Bidir         Shareable
POF       Device          Pins    Pins     Pins     LCs  Expanders  % Utilized

contador_primos2
      EPM7032LC44-6        2        12       0      18      3           56 %

User Pins:                 2        12       0  



Project Information                               c:\ap13\contador_primos2.rpt

** AUTO GLOBAL SIGNALS **



INFO: Signal 'CK' chosen for auto global Clock
INFO: Signal 'CLR' chosen for auto global Clear


Project Information                               c:\ap13\contador_primos2.rpt

** FILE HIERARCHY **



|contador_primos:1|


Device-Specific Information:                      c:\ap13\contador_primos2.rpt
contador_primos2

***** Logic for device 'contador_primos2' compiled without errors.




Device: EPM7032LC44-6

Device Options:
    Turbo Bit                                    = ON
    Security Bit                                 = OFF

              R  R  R                          
              E  E  E                          
              S  S  S                          
              E  E  E                          
              R  R  R                          
              V  V  V  V  G  C  G     G        
              E  E  E  C  N  L  N  C  N  S  S  
              D  D  D  C  D  R  D  K  D  1  3  
            -----------------------------------_ 
          /   6  5  4  3  2  1 44 43 42 41 40   | 
RESERVED |  7                                39 | S4 
RESERVED |  8                                38 | S2 
RESERVED |  9                                37 | S5 
     GND | 10                                36 | S0 
RESERVED | 11                                35 | VCC 
RESERVED | 12         EPM7032LC44-6          34 | T0 
RESERVED | 13                                33 | T4 
RESERVED | 14                                32 | T2 
     VCC | 15                                31 | T3 
RESERVED | 16                                30 | GND 
RESERVED | 17                                29 | T1 
         |_  18 19 20 21 22 23 24 25 26 27 28  _| 
           ------------------------------------ 
              R  R  R  R  G  V  T  R  R  R  R  
              E  E  E  E  N  C  5  E  E  E  E  
              S  S  S  S  D  C     S  S  S  S  
              E  E  E  E           E  E  E  E  
              R  R  R  R           R  R  R  R  
              V  V  V  V           V  V  V  V  
              E  E  E  E           E  E  E  E  
              D  D  D  D           D  D  D  D  


N.C. = No Connect. This pin has no internal connection to the device.
VCC = Dedicated power pin, which MUST be connected to VCC.
GND = Dedicated ground pin or unused dedicated input, which MUST be connected to GND.
RESERVED = Unused I/O pin, which MUST be left unconnected.



Device-Specific Information:                      c:\ap13\contador_primos2.rpt
contador_primos2

** RESOURCE USAGE **

                                                Shareable     External
Logic Array Block     Logic Cells   I/O Pins    Expanders   Interconnect

A:     LC1 - LC16     2/16( 12%)   0/16(  0%)   1/16(  6%)   5/36( 13%) 
B:    LC17 - LC32    16/16(100%)  12/16( 75%)  16/16(100%)  12/36( 33%) 


Total dedicated input pins used:                 2/4      ( 50%)
Total I/O pins used:                            12/32     ( 37%)
Total logic cells used:                         18/32     ( 56%)
Total shareable expanders used:                  3/32     (  9%)
Total Turbo logic cells used:                   18/32     ( 56%)
Total shareable expanders not available (n/a):  14/32     ( 43%)
Average fan-in:                                  6.22
Total fan-in:                                   112

Total input pins required:                       2
Total output pins required:                     12
Total bidirectional pins required:               0
Total logic cells required:                     18
Total flipflops required:                        6
Total product terms required:                   79
Total logic cells lending parallel expanders:    0
Total shareable expanders in database:           3

Synthesized logic cells:                         6/  32   ( 18%)



Device-Specific Information:                      c:\ap13\contador_primos2.rpt
contador_primos2

** INPUTS **

                                         Shareable
                                         Expanders     Fan-In    Fan-Out
 Pin     LC  LAB  Primitive    Code   Total Shared n/a INP  FBK  OUT  FBK  Name
  43      -   -       INPUT  G            0      0   0    0    0    0    0  CK
   1      -   -       INPUT  G            0      0   0    0    0    0    0  CLR


Code:

s = Synthesized pin or logic cell
t = Turbo logic cell
+ = Synchronous flipflop
! = NOT gate push-back
r = Fitter-inserted logic cell
G = Global Source. Fan-out destinations counted here do not include destinations
that are driven using global routing resources. Refer to the Auto Global Signals,
Clock Signals, Clear Signals, Synchronous Load Signals, and Synchronous Clear Signals
Sections of this Report File for information on which signals' fan-outs are used as
Clock, Clear, Preset, Output Enable, and synchronous Load signals.


Device-Specific Information:                      c:\ap13\contador_primos2.rpt
contador_primos2

** OUTPUTS **

                                         Shareable
                                         Expanders     Fan-In    Fan-Out
 Pin     LC  LAB  Primitive    Code   Total Shared n/a INP  FBK  OUT  FBK  Name
  36     22    B         FF   +  t        2      1   1    0    8   12    2  S0
  41     17    B         FF   +  t        2      1   1    0    6   12    4  S1
  38     20    B         FF   +  t        1      0   1    0    7   12    5  S2
  40     18    B         FF   +  t        1      0   1    0    6   12    2  S3
  39     19    B         FF   +  t        1      0   1    0    7   12    4  S4
  37     21    B         FF   +  t        2      1   1    0    6   12    3  S5
  34     23    B     OUTPUT      t        2      1   1    0    8    0    0  T0
  29     27    B     OUTPUT      t        2      1   1    0    6    0    0  T1
  32     25    B     OUTPUT      t        1      0   1    0    7    0    0  T2
  31     26    B     OUTPUT      t        1      0   1    0    6    0    0  T3
  33     24    B     OUTPUT      t        1      0   1    0    7    0    0  T4
  24     32    B     OUTPUT      t        2      1   1    0    6    0    0  T5


Code:

s = Synthesized pin or logic cell
t = Turbo logic cell
+ = Synchronous flipflop
! = NOT gate push-back
r = Fitter-inserted logic cell


Device-Specific Information:                      c:\ap13\contador_primos2.rpt
contador_primos2

** BURIED LOGIC **

                                         Shareable
                                         Expanders     Fan-In    Fan-Out
 Pin     LC  LAB  Primitive    Code   Total Shared n/a INP  FBK  OUT  FBK  Name
 (28)    28    B       SOFT    s t        0      0   0    0    2    2    0  |CONTADOR_PRIMOS:1|~160~1
  (7)     4    A       SOFT    s t        0      0   0    0    2    2    0  |CONTADOR_PRIMOS:1|~336~1
 (12)     8    A       SOFT    s t        1      0   1    0    5    1    0  |CONTADOR_PRIMOS:1|~562~1
 (27)    29    B       SOFT    s t        1      0   1    0    5    1    0  |CONTADOR_PRIMOS:1|~562~2
 (26)    30    B       SOFT    s t        0      0   0    0    3    1    0  |CONTADOR_PRIMOS:1|~562~3
 (25)    31    B       SOFT    s t        0      0   0    0    3    1    0  |CONTADOR_PRIMOS:1|~562~4


Code:

s = Synthesized pin or logic cell
t = Turbo logic cell
+ = Synchronous flipflop
! = NOT gate push-back
r = Fitter-inserted logic cell


Device-Specific Information:                      c:\ap13\contador_primos2.rpt
contador_primos2

** LOGIC CELL INTERCONNECTIONS **

Logic Array Block 'A':

             Logic cells placed in LAB 'A'
        +--- LC4 |CONTADOR_PRIMOS:1|~336~1
        | +- LC8 |CONTADOR_PRIMOS:1|~562~1
        | | 
        | |   Other LABs fed by signals
        | |   that feed LAB 'A'
LC      | | | A B |     Logic cells that feed LAB 'A':

Pin
43   -> - - | - - | <-- CK
1    -> - - | - - | <-- CLR
LC17 -> - * | * * | <-- S1
LC20 -> * * | * * | <-- S2
LC18 -> - * | * * | <-- S3
LC19 -> * * | * * | <-- S4
LC21 -> - * | * * | <-- S5


* = The logic cell or pin is an input to the logic cell (or LAB) through the PIA.
- = The logic cell or pin is not an input to the logic cell (or LAB).


Device-Specific Information:                      c:\ap13\contador_primos2.rpt
contador_primos2

** LOGIC CELL INTERCONNECTIONS **

Logic Array Block 'B':

                                         Logic cells placed in LAB 'B'
        +------------------------------- LC28 |CONTADOR_PRIMOS:1|~160~1
        | +----------------------------- LC29 |CONTADOR_PRIMOS:1|~562~2
        | | +--------------------------- LC30 |CONTADOR_PRIMOS:1|~562~3
        | | | +------------------------- LC31 |CONTADOR_PRIMOS:1|~562~4
        | | | | +----------------------- LC22 S0
        | | | | | +--------------------- LC17 S1
        | | | | | | +------------------- LC20 S2
        | | | | | | | +----------------- LC18 S3
        | | | | | | | | +--------------- LC19 S4
        | | | | | | | | | +------------- LC21 S5
        | | | | | | | | | | +----------- LC23 T0
        | | | | | | | | | | | +--------- LC27 T1
        | | | | | | | | | | | | +------- LC25 T2
        | | | | | | | | | | | | | +----- LC26 T3
        | | | | | | | | | | | | | | +--- LC24 T4
        | | | | | | | | | | | | | | | +- LC32 T5
        | | | | | | | | | | | | | | | | 
        | | | | | | | | | | | | | | | |   Other LABs fed by signals
        | | | | | | | | | | | | | | | |   that feed LAB 'B'
LC      | | | | | | | | | | | | | | | | | A B |     Logic cells that feed LAB 'B':
LC28 -> - - - - - - - - * - - - - - * - | - * | <-- |CONTADOR_PRIMOS:1|~160~1
LC29 -> - - - - - - - - - - * - - - - - | - * | <-- |CONTADOR_PRIMOS:1|~562~2
LC30 -> - - - - * - - - - - - - - - - - | - * | <-- |CONTADOR_PRIMOS:1|~562~3
LC31 -> - - - - - - - - - - * - - - - - | - * | <-- |CONTADOR_PRIMOS:1|~562~4
LC22 -> - - * * * * * * * * * * * * * * | - * | <-- S0
LC17 -> * * * - * * * * * * * * * * * * | * * | <-- S1
LC20 -> * * - * * * * * * * * * * * * * | * * | <-- S2
LC18 -> - * - - * * * * * * * * * * * * | * * | <-- S3
LC19 -> - * - * * * * * * * * * * * * * | * * | <-- S4
LC21 -> - * * - * * * * * * * * * * * * | * * | <-- S5

Pin
43   -> - - - - - - - - - - - - - - - - | - - | <-- CK
1    -> - - - - - - - - - - - - - - - - | - - | <-- CLR
LC4  -> - - - - - - * - - - - - * - - - | - * | <-- |CONTADOR_PRIMOS:1|~336~1
LC8  -> - - - - * - - - - - - - - - - - | - * | <-- |CONTADOR_PRIMOS:1|~562~1


* = The logic cell or pin is an input to the logic cell (or LAB) through the PIA.
- = The logic cell or pin is not an input to the logic cell (or LAB).


Device-Specific Information:                      c:\ap13\contador_primos2.rpt
contador_primos2

** EQUATIONS **

CK       : INPUT;
CLR      : INPUT;

-- Node name is 'S0' = ':2' 
-- Equation name is 'S0', type is output 
 S0      = DFFE( _EQ001 $  _EQ002, GLOBAL( CK), GLOBAL( CLR),  VCC,  VCC);
  _EQ001 = !_LC008 & !_LC030 &  S0 &  S1 & !S2 & !S4 & !S5 &  _X001
         # !_LC008 & !_LC030 &  S2 &  S3 &  S4 & !S5 &  _X001
         # !_LC008 & !_LC030 &  S1 &  S3 & !S4 &  S5 &  _X001
         # !_LC008 & !_LC030 &  S1 & !S2 &  S3 &  S5 &  _X001;
  _X001  = EXP(!S0 &  S3);
  _EQ002 = !_LC008 & !_LC030 &  _X001;
  _X001  = EXP(!S0 &  S3);

-- Node name is 'S1' = ':20' 
-- Equation name is 'S1', type is output 
 S1      = TFFE( _EQ003, GLOBAL( CK), GLOBAL( CLR),  VCC,  VCC);
  _EQ003 =  S0 & !S1 &  S2 &  S4 &  _X002
         #  S0 & !S2 &  S3 & !S4 &  S5
         #  S0 &  S2 & !S3 & !S4 & !S5
         #  S0 & !S2 & !S3 &  S4 & !S5
         # !S0 & !S2 & !S3 & !S4 & !S5;
  _X002  = EXP(!S3 & !S5);

-- Node name is 'S2' = ':21' 
-- Equation name is 'S2', type is output 
 S2      = TFFE( _EQ004, GLOBAL( CK), GLOBAL( CLR),  VCC,  VCC);
  _EQ004 =  S0 & !S1 &  S2 & !S3 & !S4 & !S5
         # !_LC004 &  S0 &  S1 &  S3 &  S5
         #  S0 &  S2 &  S3 &  S4 & !S5
         #  S0 &  S1 & !S3 &  S4 & !S5
         #  S0 &  S1 & !S2 & !S4 & !S5;

-- Node name is 'S3' = ':25' 
-- Equation name is 'S3', type is output 
 S3      = TFFE( _EQ005, GLOBAL( CK), GLOBAL( CLR),  VCC,  VCC);
  _EQ005 =  S0 &  S1 &  S2 &  S3 &  S4 & !S5
         #  S0 &  S1 &  S3 & !S4 &  S5
         #  S0 &  S1 & !S2 &  S3 &  S5
         #  S0 & !S1 &  S2 & !S3 &  S5
         #  S0 & !S2 &  S3 & !S4 &  S5;

-- Node name is 'S4' = ':24' 
-- Equation name is 'S4', type is output 
 S4      = TFFE( _EQ006, GLOBAL( CK), GLOBAL( CLR),  VCC,  VCC);
  _EQ006 =  S0 &  S1 &  S2 &  S3 & !S4 &  S5
         #  S0 &  S1 & !S2 &  S3 &  S4 &  S5
         #  S0 & !S1 &  S2 & !S3 &  S4 &  S5
         #  S0 & !S1 &  S2 &  S3 & !S5
         # !_LC028 &  S0 & !S3 &  S4 & !S5;

-- Node name is 'S5' = ':23' 
-- Equation name is 'S5', type is output 
 S5      = TFFE( _EQ007, GLOBAL( CK), GLOBAL( CLR),  VCC,  VCC);
  _EQ007 =  S0 & !S1 &  S2 &  S3 &  S4 & !S5
         #  S0 &  S1 & !S2 &  S3 &  _X003
         #  S0 &  S1 &  S2 & !S3 & !S5
         #  S0 & !S2 &  S3 & !S4 &  S5
         #  S0 & !S1 &  S2 & !S3 &  S5;
  _X003  = EXP( S4 & !S5);

-- Node name is 'T0' 
-- Equation name is 'T0', location is LC023, type is output.
 T0      = LCELL( _EQ008 $  _EQ009);
  _EQ008 = !_LC029 & !_LC031 &  S1 &  S2 &  S3 & !S4 & !S5 &  _X001
         # !_LC029 & !_LC031 & !S1 &  S2 & !S3 &  S4 & !S5 &  _X001
         # !_LC029 & !_LC031 &  S2 &  S3 &  S4 &  S5 &  _X001
         # !_LC029 & !_LC031 & !S1 &  S3 &  S4 &  S5 &  _X001;
  _X001  = EXP(!S0 &  S3);
  _EQ009 = !_LC029 & !_LC031 &  _X001;
  _X001  = EXP(!S0 &  S3);

-- Node name is 'T1' 
-- Equation name is 'T1', location is LC027, type is output.
 T1      = LCELL( _EQ010 $  GND);
  _EQ010 =  S0 & !S1 &  S2 &  S4 &  _X002
         #  S0 & !S2 &  S3 & !S4 &  S5
         #  S0 &  S2 & !S3 & !S4 & !S5
         #  S0 & !S2 & !S3 &  S4 & !S5
         # !S0 & !S2 & !S3 & !S4 & !S5;
  _X002  = EXP(!S3 & !S5);

-- Node name is 'T2' 
-- Equation name is 'T2', location is LC025, type is output.
 T2      = LCELL( _EQ011 $  GND);
  _EQ011 =  S0 & !S1 &  S2 & !S3 & !S4 & !S5
         # !_LC004 &  S0 &  S1 &  S3 &  S5
         #  S0 &  S2 &  S3 &  S4 & !S5
         #  S0 &  S1 & !S3 &  S4 & !S5
         #  S0 &  S1 & !S2 & !S4 & !S5;

-- Node name is 'T3' 
-- Equation name is 'T3', location is LC026, type is output.
 T3      = LCELL( _EQ012 $  GND);
  _EQ012 =  S0 &  S1 &  S2 &  S3 &  S4 & !S5
         #  S0 &  S1 &  S3 & !S4 &  S5
         #  S0 &  S1 & !S2 &  S3 &  S5
         #  S0 & !S2 &  S3 & !S4 &  S5
         #  S0 & !S1 &  S2 & !S3 &  S5;

-- Node name is 'T4' 
-- Equation name is 'T4', location is LC024, type is output.
 T4      = LCELL( _EQ013 $  GND);
  _EQ013 =  S0 &  S1 & !S2 &  S3 &  S4 &  S5
         #  S0 &  S1 &  S2 &  S3 & !S4 &  S5
         #  S0 & !S1 &  S2 & !S3 &  S4 &  S5
         #  S0 & !S1 &  S2 &  S3 & !S5
         # !_LC028 &  S0 & !S3 &  S4 & !S5;

-- Node name is 'T5' 
-- Equation name is 'T5', location is LC032, type is output.
 T5      = LCELL( _EQ014 $  GND);
  _EQ014 =  S0 & !S1 &  S2 &  S3 &  S4 & !S5
         #  S0 &  S1 & !S2 &  S3 &  _X003
         #  S0 & !S2 &  S3 & !S4 &  S5
         #  S0 &  S1 &  S2 & !S3 & !S5
         #  S0 & !S1 &  S2 & !S3 &  S5;
  _X003  = EXP( S4 & !S5);

-- Node name is '|CONTADOR_PRIMOS:1|~160~1' 
-- Equation name is '_LC028', type is buried 
-- synthesized logic cell 
_LC028   = LCELL( _EQ015 $  GND);
  _EQ015 = !S1 &  S2;

-- Node name is '|CONTADOR_PRIMOS:1|~336~1' 
-- Equation name is '_LC004', type is buried 
-- synthesized logic cell 
_LC004   = LCELL( _EQ016 $  GND);
  _EQ016 =  S2 &  S4;

-- Node name is '|CONTADOR_PRIMOS:1|~562~1' 
-- Equation name is '_LC008', type is buried 
-- synthesized logic cell 
_LC008   = LCELL( _EQ017 $  GND);
  _EQ017 = !S2 &  S3 & !S4 &  S5
         #  S1 &  S2 & !S3 & !S5
         # !S1 &  S2 & !S3 &  S5
         # !S1 &  S2 & !S4 & !S5
         # !S2 & !S3 &  S4 & !S5;

-- Node name is '|CONTADOR_PRIMOS:1|~562~2' 
-- Equation name is '_LC029', type is buried 
-- synthesized logic cell 
_LC029   = LCELL( _EQ018 $  GND);
  _EQ018 = !S1 &  S2 &  S3 &  S5
         # !S2 &  S3 &  S4 & !S5
         # !S1 & !S2 & !S4 & !S5
         #  S1 & !S3 &  S5
         # !S2 & !S3 &  S5;

-- Node name is '|CONTADOR_PRIMOS:1|~562~3' 
-- Equation name is '_LC030', type is buried 
-- synthesized logic cell 
_LC030   = LCELL( _EQ019 $  GND);
  _EQ019 = !S0 &  S5
         # !S0 & !S1;

-- Node name is '|CONTADOR_PRIMOS:1|~562~4' 
-- Equation name is '_LC031', type is buried 
-- synthesized logic cell 
_LC031   = LCELL( _EQ020 $  GND);
  _EQ020 = !S0 &  S4
         # !S0 &  S2;



--     Shareable expanders that are duplicated in multiple LABs:
--     (none)




Project Information                               c:\ap13\contador_primos2.rpt

** COMPILATION SETTINGS & TIMES **

Processing Menu Commands
------------------------

Design Doctor                             = off

Logic Synthesis:

   Synthesis Type Used                    = Standard

   Default Synthesis Style                = NORMAL

      Logic option settings in 'NORMAL' style for 'MAX7000' family

      DECOMPOSE_GATES                     = on
      DUPLICATE_LOGIC_EXTRACTION          = on
      MINIMIZATION                        = full
      MULTI_LEVEL_FACTORING               = on
      NOT_GATE_PUSH_BACK                  = on
      PARALLEL_EXPANDERS                  = off
      REDUCE_LOGIC                        = on
      REFACTORIZATION                     = on
      REGISTER_OPTIMIZATION               = on
      RESYNTHESIZE_NETWORK                = on
      SLOW_SLEW_RATE                      = off
      SOFT_BUFFER_INSERTION               = on
      SUBFACTOR_EXTRACTION                = on
      TURBO_BIT                           = on
      XOR_SYNTHESIS                       = on
      IGNORE_SOFT_BUFFERS                 = off
      USE_LPM_FOR_AHDL_OPERATORS          = off

   Other logic synthesis settings:

      Automatic Global Clock              = on
      Automatic Global Clear              = on
      Automatic Global Preset             = on
      Automatic Global Output Enable      = on
      Automatic Fast I/O                  = off
      Automatic Register Packing          = off
      Automatic Open-Drain Pins           = on
      Automatic Implement in EAB          = off
      One-Hot State Machine Encoding      = off
      Optimize                            = 5

Default Timing Specifications: None

Cut All Bidir Feedback Timing Paths       = on
Cut All Clear & Preset Timing Paths       = on

Ignore Timing Assignments                 = off

Functional SNF Extractor                  = off

Linked SNF Extractor                      = off
Timing SNF Extractor                      = on
Optimize Timing SNF                       = off
Generate AHDL TDO File                    = off
Fitter Settings                           = NORMAL
Smart Recompile                           = off
Total Recompile                           = off

Interfaces Menu Commands
------------------------

EDIF Netlist Writer                       = off
Verilog Netlist Writer                    = off
VHDL Netlist Writer                       = off

Compilation Times
-----------------

   Compiler Netlist Extractor             00:00:00
   Database Builder                       00:00:00
   Logic Synthesizer                      00:00:00
   Partitioner                            00:00:02
   Fitter                                 00:00:01
   Timing SNF Extractor                   00:00:00
   Assembler                              00:00:00
   --------------------------             --------
   Total Time                             00:00:03


Memory Allocated
-----------------

Peak memory allocated during compilation  = 3,072K
