Project Information                                          c:\ap13_2\ex2.rpt

MAX+plus II Compiler Report File
Version 10.2 07/10/2002
Compiled: 11/18/2010 20:26:40

Copyright (C) 1988-2002 Altera Corporation
Any megafunction design, and related net list (encrypted or decrypted),
support information, device programming or simulation file, and any other
associated documentation or information provided by Altera or a partner
under Altera's Megafunction Partnership Program may be used only to
program PLD devices (but not masked PLD devices) from Altera.  Any other
use of such megafunction design, net list, support information, device
programming or simulation file, or any other related documentation or
information is prohibited for any other purpose, including, but not
limited to modification, reverse engineering, de-compiling, or use with
any other silicon devices, unless such use is explicitly licensed under
a separate agreement with Altera or a megafunction partner.  Title to
the intellectual property, including patents, copyrights, trademarks,
trade secrets, or maskworks, embodied in any such megafunction design,
net list, support information, device programming or simulation file, or
any other related documentation or information provided by Altera or a
megafunction partner, remains with Altera, the megafunction partner, or
their respective licensors.  No other licenses, including any licenses
needed under any third party's intellectual property, are provided herein.



***** Project compilation was successful




** DEVICE SUMMARY **

Chip/                     Input   Output   Bidir         Shareable
POF       Device          Pins    Pins     Pins     LCs  Expanders  % Utilized

ex2       EPM7032LC44-6    11       8        0      8       0           25 %

User Pins:                 11       8        0  



Project Information                                          c:\ap13_2\ex2.rpt

** AUTO GLOBAL SIGNALS **



INFO: Signal 'CK' chosen for auto global Clock


Device-Specific Information:                                 c:\ap13_2\ex2.rpt
ex2

***** Logic for device 'ex2' compiled without errors.




Device: EPM7032LC44-6

Device Options:
    Turbo Bit                                    = ON
    Security Bit                                 = OFF

                                            R  
                                            E  
                                            S  
                                            E  
                                         O  R  
              I  I  P  V  G  G  G     G  U  V  
              N  N  o  C  N  N  N  C  N  T  E  
              6  7  D  C  D  D  D  K  D  7  D  
            -----------------------------------_ 
          /   6  5  4  3  2  1 44 43 42 41 40   | 
     IN5 |  7                                39 | OUT6 
     IN4 |  8                                38 | OUT5 
     IN3 |  9                                37 | OUT4 
     GND | 10                                36 | OUT3 
     IN2 | 11                                35 | VCC 
     IN1 | 12         EPM7032LC44-6          34 | OUT2 
     IN0 | 13                                33 | OUT0 
      DE | 14                                32 | OUT1 
     VCC | 15                                31 | RESERVED 
RESERVED | 16                                30 | GND 
RESERVED | 17                                29 | RESERVED 
         |_  18 19 20 21 22 23 24 25 26 27 28  _| 
           ------------------------------------ 
              R  R  R  R  G  V  R  R  R  R  R  
              E  E  E  E  N  C  E  E  E  E  E  
              S  S  S  S  D  C  S  S  S  S  S  
              E  E  E  E        E  E  E  E  E  
              R  R  R  R        R  R  R  R  R  
              V  V  V  V        V  V  V  V  V  
              E  E  E  E        E  E  E  E  E  
              D  D  D  D        D  D  D  D  D  


N.C. = No Connect. This pin has no internal connection to the device.
VCC = Dedicated power pin, which MUST be connected to VCC.
GND = Dedicated ground pin or unused dedicated input, which MUST be connected to GND.
RESERVED = Unused I/O pin, which MUST be left unconnected.



Device-Specific Information:                                 c:\ap13_2\ex2.rpt
ex2

** RESOURCE USAGE **

                                                Shareable     External
Logic Array Block     Logic Cells   I/O Pins    Expanders   Interconnect

A:     LC1 - LC16     0/16(  0%)  10/16( 62%)   0/16(  0%)   0/36(  0%) 
B:    LC17 - LC32     8/16( 50%)   8/16( 50%)   0/16(  0%)  18/36( 50%) 


Total dedicated input pins used:                 1/4      ( 25%)
Total I/O pins used:                            18/32     ( 56%)
Total logic cells used:                          8/32     ( 25%)
Total shareable expanders used:                  0/32     (  0%)
Total Turbo logic cells used:                    8/32     ( 25%)
Total shareable expanders not available (n/a):   0/32     (  0%)
Average fan-in:                                  5.75
Total fan-in:                                    46

Total input pins required:                      11
Total output pins required:                      8
Total bidirectional pins required:               0
Total logic cells required:                      8
Total flipflops required:                        8
Total product terms required:                   22
Total logic cells lending parallel expanders:    0
Total shareable expanders in database:           0

Synthesized logic cells:                         0/  32   (  0%)



Device-Specific Information:                                 c:\ap13_2\ex2.rpt
ex2

** INPUTS **

                                         Shareable
                                         Expanders     Fan-In    Fan-Out
 Pin     LC  LAB  Primitive    Code   Total Shared n/a INP  FBK  OUT  FBK  Name
  43      -   -       INPUT  G            0      0   0    0    0    0    0  CK
  14   (10)  (A)      INPUT               0      0   0    0    0    8    0  DE
  13    (9)  (A)      INPUT               0      0   0    0    0    1    0  IN0
  12    (8)  (A)      INPUT               0      0   0    0    0    1    0  IN1
  11    (7)  (A)      INPUT               0      0   0    0    0    1    0  IN2
   9    (6)  (A)      INPUT               0      0   0    0    0    1    0  IN3
   8    (5)  (A)      INPUT               0      0   0    0    0    1    0  IN4
   7    (4)  (A)      INPUT               0      0   0    0    0    1    0  IN5
   6    (3)  (A)      INPUT               0      0   0    0    0    1    0  IN6
   5    (2)  (A)      INPUT               0      0   0    0    0    1    0  IN7
   4    (1)  (A)      INPUT               0      0   0    0    0    8    0  PoD


Code:

s = Synthesized pin or logic cell
t = Turbo logic cell
+ = Synchronous flipflop
! = NOT gate push-back
r = Fitter-inserted logic cell
G = Global Source. Fan-out destinations counted here do not include destinations
that are driven using global routing resources. Refer to the Auto Global Signals,
Clock Signals, Clear Signals, Synchronous Load Signals, and Synchronous Clear Signals
Sections of this Report File for information on which signals' fan-outs are used as
Clock, Clear, Preset, Output Enable, and synchronous Load signals.


Device-Specific Information:                                 c:\ap13_2\ex2.rpt
ex2

** OUTPUTS **

                                         Shareable
                                         Expanders     Fan-In    Fan-Out
 Pin     LC  LAB  Primitive    Code   Total Shared n/a INP  FBK  OUT  FBK  Name
  33     24    B         FF   +  t        0      0   0    3    1    1    0  OUT0
  32     25    B         FF   +  t        0      0   0    3    2    2    0  OUT1
  34     23    B         FF   +  t        0      0   0    3    2    2    0  OUT2
  36     22    B         FF   +  t        0      0   0    3    2    2    0  OUT3
  37     21    B         FF   +  t        0      0   0    3    2    2    0  OUT4
  38     20    B         FF   +  t        0      0   0    3    2    2    0  OUT5
  39     19    B         FF   +  t        0      0   0    3    2    2    0  OUT6
  41     17    B         FF   +  t        0      0   0    3    1    1    0  OUT7


Code:

s = Synthesized pin or logic cell
t = Turbo logic cell
+ = Synchronous flipflop
! = NOT gate push-back
r = Fitter-inserted logic cell


Device-Specific Information:                                 c:\ap13_2\ex2.rpt
ex2

** LOGIC CELL INTERCONNECTIONS **

Logic Array Block 'B':

                         Logic cells placed in LAB 'B'
        +--------------- LC24 OUT0
        | +------------- LC25 OUT1
        | | +----------- LC23 OUT2
        | | | +--------- LC22 OUT3
        | | | | +------- LC21 OUT4
        | | | | | +----- LC20 OUT5
        | | | | | | +--- LC19 OUT6
        | | | | | | | +- LC17 OUT7
        | | | | | | | | 
        | | | | | | | |   Other LABs fed by signals
        | | | | | | | |   that feed LAB 'B'
LC      | | | | | | | | | A B |     Logic cells that feed LAB 'B':
LC24 -> - * - - - - - - | - * | <-- OUT0
LC25 -> * - * - - - - - | - * | <-- OUT1
LC23 -> - * - * - - - - | - * | <-- OUT2
LC22 -> - - * - * - - - | - * | <-- OUT3
LC21 -> - - - * - * - - | - * | <-- OUT4
LC20 -> - - - - * - * - | - * | <-- OUT5
LC19 -> - - - - - * - * | - * | <-- OUT6
LC17 -> - - - - - - * - | - * | <-- OUT7

Pin
43   -> - - - - - - - - | - - | <-- CK
14   -> * * * * * * * * | - * | <-- DE
13   -> * - - - - - - - | - * | <-- IN0
12   -> - * - - - - - - | - * | <-- IN1
11   -> - - * - - - - - | - * | <-- IN2
9    -> - - - * - - - - | - * | <-- IN3
8    -> - - - - * - - - | - * | <-- IN4
7    -> - - - - - * - - | - * | <-- IN5
6    -> - - - - - - * - | - * | <-- IN6
5    -> - - - - - - - * | - * | <-- IN7
4    -> * * * * * * * * | - * | <-- PoD


* = The logic cell or pin is an input to the logic cell (or LAB) through the PIA.
- = The logic cell or pin is not an input to the logic cell (or LAB).


Device-Specific Information:                                 c:\ap13_2\ex2.rpt
ex2

** EQUATIONS **

CK       : INPUT;
DE       : INPUT;
IN0      : INPUT;
IN1      : INPUT;
IN2      : INPUT;
IN3      : INPUT;
IN4      : INPUT;
IN5      : INPUT;
IN6      : INPUT;
IN7      : INPUT;
PoD      : INPUT;

-- Node name is 'OUT0' = ':1' 
-- Equation name is 'OUT0', type is output 
 OUT0    = DFFE( _EQ001 $  GND, GLOBAL( CK),  VCC,  VCC,  VCC);
  _EQ001 =  DE &  OUT1 &  PoD
         #  IN0 & !PoD;

-- Node name is 'OUT1' = ':34' 
-- Equation name is 'OUT1', type is output 
 OUT1    = DFFE( _EQ002 $  GND, GLOBAL( CK),  VCC,  VCC,  VCC);
  _EQ002 =  DE &  OUT2 &  PoD
         # !DE &  OUT0 &  PoD
         #  IN1 & !PoD;

-- Node name is 'OUT2' = ':68' 
-- Equation name is 'OUT2', type is output 
 OUT2    = DFFE( _EQ003 $  GND, GLOBAL( CK),  VCC,  VCC,  VCC);
  _EQ003 =  DE &  OUT3 &  PoD
         # !DE &  OUT1 &  PoD
         #  IN2 & !PoD;

-- Node name is 'OUT3' = ':70' 
-- Equation name is 'OUT3', type is output 
 OUT3    = DFFE( _EQ004 $  GND, GLOBAL( CK),  VCC,  VCC,  VCC);
  _EQ004 =  DE &  OUT4 &  PoD
         # !DE &  OUT2 &  PoD
         #  IN3 & !PoD;

-- Node name is 'OUT4' = ':45' 
-- Equation name is 'OUT4', type is output 
 OUT4    = DFFE( _EQ005 $  GND, GLOBAL( CK),  VCC,  VCC,  VCC);
  _EQ005 =  DE &  OUT5 &  PoD
         # !DE &  OUT3 &  PoD
         #  IN4 & !PoD;

-- Node name is 'OUT5' = ':46' 
-- Equation name is 'OUT5', type is output 
 OUT5    = DFFE( _EQ006 $  GND, GLOBAL( CK),  VCC,  VCC,  VCC);
  _EQ006 =  DE &  OUT6 &  PoD
         # !DE &  OUT4 &  PoD
         #  IN5 & !PoD;

-- Node name is 'OUT6' = ':67' 
-- Equation name is 'OUT6', type is output 
 OUT6    = DFFE( _EQ007 $  GND, GLOBAL( CK),  VCC,  VCC,  VCC);
  _EQ007 =  DE &  OUT7 &  PoD
         # !DE &  OUT5 &  PoD
         #  IN6 & !PoD;

-- Node name is 'OUT7' = ':69' 
-- Equation name is 'OUT7', type is output 
 OUT7    = DFFE( _EQ008 $  GND, GLOBAL( CK),  VCC,  VCC,  VCC);
  _EQ008 = !DE &  OUT6 &  PoD
         #  IN7 & !PoD;



--     Shareable expanders that are duplicated in multiple LABs:
--     (none)




Project Information                                          c:\ap13_2\ex2.rpt

** COMPILATION SETTINGS & TIMES **

Processing Menu Commands
------------------------

Design Doctor                             = off

Logic Synthesis:

   Synthesis Type Used                    = Standard

   Default Synthesis Style                = NORMAL

      Logic option settings in 'NORMAL' style for 'MAX7000' family

      DECOMPOSE_GATES                     = on
      DUPLICATE_LOGIC_EXTRACTION          = on
      MINIMIZATION                        = full
      MULTI_LEVEL_FACTORING               = on
      NOT_GATE_PUSH_BACK                  = on
      PARALLEL_EXPANDERS                  = off
      REDUCE_LOGIC                        = on
      REFACTORIZATION                     = on
      REGISTER_OPTIMIZATION               = on
      RESYNTHESIZE_NETWORK                = on
      SLOW_SLEW_RATE                      = off
      SOFT_BUFFER_INSERTION               = on
      SUBFACTOR_EXTRACTION                = on
      TURBO_BIT                           = on
      XOR_SYNTHESIS                       = on
      IGNORE_SOFT_BUFFERS                 = off
      USE_LPM_FOR_AHDL_OPERATORS          = off

   Other logic synthesis settings:

      Automatic Global Clock              = on
      Automatic Global Clear              = on
      Automatic Global Preset             = on
      Automatic Global Output Enable      = on
      Automatic Fast I/O                  = off
      Automatic Register Packing          = off
      Automatic Open-Drain Pins           = on
      Automatic Implement in EAB          = off
      One-Hot State Machine Encoding      = off
      Optimize                            = 5

Default Timing Specifications: None

Cut All Bidir Feedback Timing Paths       = on
Cut All Clear & Preset Timing Paths       = on

Ignore Timing Assignments                 = off

Functional SNF Extractor                  = off

Linked SNF Extractor                      = off
Timing SNF Extractor                      = on
Optimize Timing SNF                       = off
Generate AHDL TDO File                    = off
Fitter Settings                           = NORMAL
Smart Recompile                           = off
Total Recompile                           = off

Interfaces Menu Commands
------------------------

EDIF Netlist Writer                       = off
Verilog Netlist Writer                    = off
VHDL Netlist Writer                       = off

Compilation Times
-----------------

   Compiler Netlist Extractor             00:00:00
   Database Builder                       00:00:00
   Logic Synthesizer                      00:00:00
   Partitioner                            00:00:00
   Fitter                                 00:00:01
   Timing SNF Extractor                   00:00:00
   Assembler                              00:00:00
   --------------------------             --------
   Total Time                             00:00:01


Memory Allocated
-----------------

Peak memory allocated during compilation  = 2,837K
