Project Information                       c:\ap12\conversor8bitstobcd\lala.rpt

MAX+plus II Compiler Report File
Version 10.2 07/10/2002
Compiled: 11/07/2010 17:27:17

Copyright (C) 1988-2002 Altera Corporation
Any megafunction design, and related net list (encrypted or decrypted),
support information, device programming or simulation file, and any other
associated documentation or information provided by Altera or a partner
under Altera's Megafunction Partnership Program may be used only to
program PLD devices (but not masked PLD devices) from Altera.  Any other
use of such megafunction design, net list, support information, device
programming or simulation file, or any other related documentation or
information is prohibited for any other purpose, including, but not
limited to modification, reverse engineering, de-compiling, or use with
any other silicon devices, unless such use is explicitly licensed under
a separate agreement with Altera or a megafunction partner.  Title to
the intellectual property, including patents, copyrights, trademarks,
trade secrets, or maskworks, embodied in any such megafunction design,
net list, support information, device programming or simulation file, or
any other related documentation or information provided by Altera or a
megafunction partner, remains with Altera, the megafunction partner, or
their respective licensors.  No other licenses, including any licenses
needed under any third party's intellectual property, are provided herein.



***** Project compilation was successful




** DEVICE SUMMARY **

Chip/                     Input   Output   Bidir         Shareable
POF       Device          Pins    Pins     Pins     LCs  Expanders  % Utilized

lala      EPM7064LC44-7    8        10       0      35      10          54 %

User Pins:                 8        10       0  



Project Information                       c:\ap12\conversor8bitstobcd\lala.rpt

** FILE HIERARCHY **



|conversor8:1|


Device-Specific Information:              c:\ap12\conversor8bitstobcd\lala.rpt
lala

***** Logic for device 'lala' compiled without errors.




Device: EPM7064LC44-7

Device Options:
    Turbo Bit                                    = ON
    Security Bit                                 = OFF

                                         R  R  
                                         E  E  
                                         S  S  
                                         E  E  
                                         R  R  
                       V  G  G  G  G  G  V  V  
                       C  N  N  N  N  N  E  E  
              C  B  H  C  D  D  D  D  D  D  D  
            -----------------------------------_ 
          /   6  5  4  3  2  1 44 43 42 41 40   | 
       D |  7                                39 | RESERVED 
       G |  8                                38 | RESERVED 
       F |  9                                37 | RESERVED 
     GND | 10                                36 | RESERVED 
       E | 11                                35 | VCC 
       A | 12         EPM7064LC44-7          34 | U2 
RESERVED | 13                                33 | C1 
RESERVED | 14                                32 | RESERVED 
     VCC | 15                                31 | U3 
RESERVED | 16                                30 | GND 
RESERVED | 17                                29 | D3 
         |_  18 19 20 21 22 23 24 25 26 27 28  _| 
           ------------------------------------ 
              R  U  U  D  G  V  R  R  C  D  D  
              E  1  0  0  N  C  E  E  0  1  2  
              S           D  C  S  S           
              E                 E  E           
              R                 R  R           
              V                 V  V           
              E                 E  E           
              D                 D  D           


N.C. = No Connect. This pin has no internal connection to the device.
VCC = Dedicated power pin, which MUST be connected to VCC.
GND = Dedicated ground pin or unused dedicated input, which MUST be connected to GND.
RESERVED = Unused I/O pin, which MUST be left unconnected.



Device-Specific Information:              c:\ap12\conversor8bitstobcd\lala.rpt
lala

** RESOURCE USAGE **

                                                Shareable     External
Logic Array Block     Logic Cells   I/O Pins    Expanders   Interconnect

A:     LC1 - LC16     0/16(  0%)   8/ 8(100%)   0/16(  0%)   0/36(  0%) 
B:    LC17 - LC32     3/16( 18%)   3/ 8( 37%)   4/16( 25%)  19/36( 52%) 
C:    LC33 - LC48    16/16(100%)   5/ 8( 62%)  16/16(100%)  15/36( 41%) 
D:    LC49 - LC64    16/16(100%)   2/ 8( 25%)  16/16(100%)  13/36( 36%) 


Total dedicated input pins used:                 0/4      (  0%)
Total I/O pins used:                            18/32     ( 56%)
Total logic cells used:                         35/64     ( 54%)
Total shareable expanders used:                 10/64     ( 15%)
Total Turbo logic cells used:                   35/64     ( 54%)
Total shareable expanders not available (n/a):  26/64     ( 40%)
Average fan-in:                                  7.02
Total fan-in:                                   246

Total input pins required:                       8
Total output pins required:                     10
Total bidirectional pins required:               0
Total logic cells required:                     35
Total flipflops required:                        0
Total product terms required:                  161
Total logic cells lending parallel expanders:    0
Total shareable expanders in database:           9

Synthesized logic cells:                        25/  64   ( 39%)



Device-Specific Information:              c:\ap12\conversor8bitstobcd\lala.rpt
lala

** INPUTS **

                                         Shareable
                                         Expanders     Fan-In    Fan-Out
 Pin     LC  LAB  Primitive    Code   Total Shared n/a INP  FBK  OUT  FBK  Name
  12    (1)  (A)      INPUT               0      0   0    0    0    8   25  A
   5   (14)  (A)      INPUT               0      0   0    0    0    8   25  B
   6   (11)  (A)      INPUT               0      0   0    0    0    8   25  C
   7    (8)  (A)      INPUT               0      0   0    0    0    8   25  D
  11    (3)  (A)      INPUT               0      0   0    0    0    8   25  E
   9    (4)  (A)      INPUT               0      0   0    0    0    7   23  F
   8    (5)  (A)      INPUT               0      0   0    0    0    3   22  G
   4   (16)  (A)      INPUT               0      0   0    0    0    1    0  H


Code:

s = Synthesized pin or logic cell
t = Turbo logic cell
+ = Synchronous flipflop
! = NOT gate push-back
r = Fitter-inserted logic cell


Device-Specific Information:              c:\ap12\conversor8bitstobcd\lala.rpt
lala

** OUTPUTS **

                                         Shareable
                                         Expanders     Fan-In    Fan-Out
 Pin     LC  LAB  Primitive    Code   Total Shared n/a INP  FBK  OUT  FBK  Name
  26     36    C     OUTPUT      t        1      0   1    6    0    0    0  C0
  33     49    D     OUTPUT      t        0      0   0    5    0    0    0  C1
  21     17    B     OUTPUT      t        4      1   0    7    4    0    0  D0
  27     37    C     OUTPUT      t        1      0   1    6    2    0    0  D1
  28     40    C     OUTPUT      t        2      0   1    6    1    0    0  D2
  29     41    C     OUTPUT      t        1      0   1    6    0    0    0  D3
  20     19    B     OUTPUT      t        0      0   0    1    0    0    0  U0
  19     20    B     OUTPUT      t        0      0   0    0    7    0    0  U1
  34     51    D     OUTPUT      t        4      0   0    7    6    0    0  U2
  31     46    C     OUTPUT      t        1      1   0    7    5    0    0  U3


Code:

s = Synthesized pin or logic cell
t = Turbo logic cell
+ = Synchronous flipflop
! = NOT gate push-back
r = Fitter-inserted logic cell


Device-Specific Information:              c:\ap12\conversor8bitstobcd\lala.rpt
lala

** BURIED LOGIC **

                                         Shareable
                                         Expanders     Fan-In    Fan-Out
 Pin     LC  LAB  Primitive    Code   Total Shared n/a INP  FBK  OUT  FBK  Name
   -     44    C       SOFT    s t        1      0   1    5    0    1    0  |CONVERSOR8:1|~255~1
   -     43    C       SOFT    s t        1      0   1    6    0    1    0  |CONVERSOR8:1|~404~1
   -     39    C       SOFT    s t        0      0   0    5    0    1    0  |CONVERSOR8:1|~404~2
   -     55    D       SOFT    s t        1      0   1    7    0    1    0  |CONVERSOR8:1|~863~1
 (36)    52    D       SOFT    s t        1      0   1    7    0    1    0  |CONVERSOR8:1|~863~2
   -     63    D       SOFT    s t        1      0   1    7    0    1    0  |CONVERSOR8:1|~863~3
 (40)    62    D       SOFT    s t        1      0   1    7    0    1    0  |CONVERSOR8:1|~863~4
   -     61    D       SOFT    s t        1      0   1    7    0    1    0  |CONVERSOR8:1|~1388~1
   -     59    D       SOFT    s t        1      0   1    7    0    1    0  |CONVERSOR8:1|~1388~2
 (39)    57    D       SOFT    s t        1      0   1    7    0    1    0  |CONVERSOR8:1|~1388~3
 (38)    56    D       SOFT    s t        1      0   1    7    0    1    0  |CONVERSOR8:1|~1388~4
   -     58    D       SOFT    s t        0      0   0    7    0    1    0  |CONVERSOR8:1|~1388~5
   -     60    D       SOFT    s t        1      0   1    7    0    1    0  |CONVERSOR8:1|~2007~1
 (41)    64    D       SOFT    s t        1      0   1    7    0    1    0  |CONVERSOR8:1|~2007~2
   -     54    D       SOFT    s t        1      0   1    7    0    1    0  |CONVERSOR8:1|~2007~3
 (37)    53    D       SOFT    s t        1      0   1    7    0    1    0  |CONVERSOR8:1|~2007~4
 (32)    48    C       SOFT    s t        1      0   1    7    0    1    0  |CONVERSOR8:1|~2007~5
   -     47    C       SOFT    s t        1      0   1    7    0    1    0  |CONVERSOR8:1|~2007~6
   -     45    C       SOFT    s t        1      0   1    7    0    1    0  |CONVERSOR8:1|~2638~1
   -     42    C       SOFT    s t        1      0   1    7    0    1    0  |CONVERSOR8:1|~2638~2
   -     38    C       SOFT    s t        1      0   1    7    0    1    0  |CONVERSOR8:1|~2638~3
 (25)    35    C       SOFT    s t        1      0   1    7    0    1    0  |CONVERSOR8:1|~2638~4
   -     34    C       SOFT    s t        1      0   1    7    0    1    0  |CONVERSOR8:1|~2638~5
 (24)    33    C       SOFT    s t        1      0   1    7    0    1    0  |CONVERSOR8:1|~2638~6
   -     50    D       SOFT    s t        0      0   0    7    0    1    0  |CONVERSOR8:1|~2638~7


Code:

s = Synthesized pin or logic cell
t = Turbo logic cell
+ = Synchronous flipflop
! = NOT gate push-back
r = Fitter-inserted logic cell


Device-Specific Information:              c:\ap12\conversor8bitstobcd\lala.rpt
lala

** LOGIC CELL INTERCONNECTIONS **

Logic Array Block 'B':

               Logic cells placed in LAB 'B'
        +----- LC17 D0
        | +--- LC19 U0
        | | +- LC20 U1
        | | | 
        | | |   Other LABs fed by signals
        | | |   that feed LAB 'B'
LC      | | | | A B C D |     Logic cells that feed LAB 'B':

Pin
12   -> * - - | - * * * | <-- A
5    -> * - - | - * * * | <-- B
6    -> * - - | - * * * | <-- C
7    -> * - - | - * * * | <-- D
11   -> * - - | - * * * | <-- E
9    -> * - - | - * * * | <-- F
8    -> * - - | - * * * | <-- G
4    -> - * - | - * - - | <-- H
LC55 -> * - - | - * - - | <-- |CONVERSOR8:1|~863~1
LC52 -> * - - | - * - - | <-- |CONVERSOR8:1|~863~2
LC63 -> * - - | - * - - | <-- |CONVERSOR8:1|~863~3
LC62 -> * - - | - * - - | <-- |CONVERSOR8:1|~863~4
LC45 -> - - * | - * - - | <-- |CONVERSOR8:1|~2638~1
LC42 -> - - * | - * - - | <-- |CONVERSOR8:1|~2638~2
LC38 -> - - * | - * - - | <-- |CONVERSOR8:1|~2638~3
LC35 -> - - * | - * - - | <-- |CONVERSOR8:1|~2638~4
LC34 -> - - * | - * - - | <-- |CONVERSOR8:1|~2638~5
LC33 -> - - * | - * - - | <-- |CONVERSOR8:1|~2638~6
LC50 -> - - * | - * - - | <-- |CONVERSOR8:1|~2638~7


* = The logic cell or pin is an input to the logic cell (or LAB) through the PIA.
- = The logic cell or pin is not an input to the logic cell (or LAB).


Device-Specific Information:              c:\ap12\conversor8bitstobcd\lala.rpt
lala

** LOGIC CELL INTERCONNECTIONS **

Logic Array Block 'C':

                                         Logic cells placed in LAB 'C'
        +------------------------------- LC44 |CONVERSOR8:1|~255~1
        | +----------------------------- LC43 |CONVERSOR8:1|~404~1
        | | +--------------------------- LC39 |CONVERSOR8:1|~404~2
        | | | +------------------------- LC48 |CONVERSOR8:1|~2007~5
        | | | | +----------------------- LC47 |CONVERSOR8:1|~2007~6
        | | | | | +--------------------- LC45 |CONVERSOR8:1|~2638~1
        | | | | | | +------------------- LC42 |CONVERSOR8:1|~2638~2
        | | | | | | | +----------------- LC38 |CONVERSOR8:1|~2638~3
        | | | | | | | | +--------------- LC35 |CONVERSOR8:1|~2638~4
        | | | | | | | | | +------------- LC34 |CONVERSOR8:1|~2638~5
        | | | | | | | | | | +----------- LC33 |CONVERSOR8:1|~2638~6
        | | | | | | | | | | | +--------- LC36 C0
        | | | | | | | | | | | | +------- LC37 D1
        | | | | | | | | | | | | | +----- LC40 D2
        | | | | | | | | | | | | | | +--- LC41 D3
        | | | | | | | | | | | | | | | +- LC46 U3
        | | | | | | | | | | | | | | | | 
        | | | | | | | | | | | | | | | |   Other LABs fed by signals
        | | | | | | | | | | | | | | | |   that feed LAB 'C'
LC      | | | | | | | | | | | | | | | | | A B C D |     Logic cells that feed LAB 'C':
LC44 -> - - - - - - - - - - - - - * - - | - - * - | <-- |CONVERSOR8:1|~255~1
LC43 -> - - - - - - - - - - - - * - - - | - - * - | <-- |CONVERSOR8:1|~404~1
LC39 -> - - - - - - - - - - - - * - - - | - - * - | <-- |CONVERSOR8:1|~404~2

Pin
12   -> * * * * * * * * * * * * * * * * | - * * * | <-- A
5    -> * * * * * * * * * * * * * * * * | - * * * | <-- B
6    -> * * * * * * * * * * * * * * * * | - * * * | <-- C
7    -> * * * * * * * * * * * * * * * * | - * * * | <-- D
11   -> * * * * * * * * * * * * * * * * | - * * * | <-- E
9    -> - * - * * * * * * * * * * * * * | - * * * | <-- F
8    -> - - - * * * * * * * * - - - - * | - * * * | <-- G
LC61 -> - - - - - - - - - - - - - - - * | - - * - | <-- |CONVERSOR8:1|~1388~1
LC59 -> - - - - - - - - - - - - - - - * | - - * - | <-- |CONVERSOR8:1|~1388~2
LC57 -> - - - - - - - - - - - - - - - * | - - * - | <-- |CONVERSOR8:1|~1388~3
LC56 -> - - - - - - - - - - - - - - - * | - - * - | <-- |CONVERSOR8:1|~1388~4
LC58 -> - - - - - - - - - - - - - - - * | - - * - | <-- |CONVERSOR8:1|~1388~5


* = The logic cell or pin is an input to the logic cell (or LAB) through the PIA.
- = The logic cell or pin is not an input to the logic cell (or LAB).


Device-Specific Information:              c:\ap12\conversor8bitstobcd\lala.rpt
lala

** LOGIC CELL INTERCONNECTIONS **

Logic Array Block 'D':

                                         Logic cells placed in LAB 'D'
        +------------------------------- LC55 |CONVERSOR8:1|~863~1
        | +----------------------------- LC52 |CONVERSOR8:1|~863~2
        | | +--------------------------- LC63 |CONVERSOR8:1|~863~3
        | | | +------------------------- LC62 |CONVERSOR8:1|~863~4
        | | | | +----------------------- LC61 |CONVERSOR8:1|~1388~1
        | | | | | +--------------------- LC59 |CONVERSOR8:1|~1388~2
        | | | | | | +------------------- LC57 |CONVERSOR8:1|~1388~3
        | | | | | | | +----------------- LC56 |CONVERSOR8:1|~1388~4
        | | | | | | | | +--------------- LC58 |CONVERSOR8:1|~1388~5
        | | | | | | | | | +------------- LC60 |CONVERSOR8:1|~2007~1
        | | | | | | | | | | +----------- LC64 |CONVERSOR8:1|~2007~2
        | | | | | | | | | | | +--------- LC54 |CONVERSOR8:1|~2007~3
        | | | | | | | | | | | | +------- LC53 |CONVERSOR8:1|~2007~4
        | | | | | | | | | | | | | +----- LC50 |CONVERSOR8:1|~2638~7
        | | | | | | | | | | | | | | +--- LC49 C1
        | | | | | | | | | | | | | | | +- LC51 U2
        | | | | | | | | | | | | | | | | 
        | | | | | | | | | | | | | | | |   Other LABs fed by signals
        | | | | | | | | | | | | | | | |   that feed LAB 'D'
LC      | | | | | | | | | | | | | | | | | A B C D |     Logic cells that feed LAB 'D':
LC60 -> - - - - - - - - - - - - - - - * | - - - * | <-- |CONVERSOR8:1|~2007~1
LC64 -> - - - - - - - - - - - - - - - * | - - - * | <-- |CONVERSOR8:1|~2007~2
LC54 -> - - - - - - - - - - - - - - - * | - - - * | <-- |CONVERSOR8:1|~2007~3
LC53 -> - - - - - - - - - - - - - - - * | - - - * | <-- |CONVERSOR8:1|~2007~4

Pin
12   -> * * * * * * * * * * * * * * * * | - * * * | <-- A
5    -> * * * * * * * * * * * * * * * * | - * * * | <-- B
6    -> * * * * * * * * * * * * * * * * | - * * * | <-- C
7    -> * * * * * * * * * * * * * * * * | - * * * | <-- D
11   -> * * * * * * * * * * * * * * * * | - * * * | <-- E
9    -> * * * * * * * * * * * * * * - * | - * * * | <-- F
8    -> * * * * * * * * * * * * * * - * | - * * * | <-- G
LC48 -> - - - - - - - - - - - - - - - * | - - - * | <-- |CONVERSOR8:1|~2007~5
LC47 -> - - - - - - - - - - - - - - - * | - - - * | <-- |CONVERSOR8:1|~2007~6


* = The logic cell or pin is an input to the logic cell (or LAB) through the PIA.
- = The logic cell or pin is not an input to the logic cell (or LAB).


Device-Specific Information:              c:\ap12\conversor8bitstobcd\lala.rpt
lala

** EQUATIONS **

A        : INPUT;
B        : INPUT;
C        : INPUT;
D        : INPUT;
E        : INPUT;
F        : INPUT;
G        : INPUT;
H        : INPUT;

-- Node name is 'C0' 
-- Equation name is 'C0', location is LC036, type is output.
 C0      = LCELL( _EQ001 $ !A);
  _EQ001 = !A &  B &  C & !D & !E & !F
         #  A & !C & !D & !E
         # !A & !C
         # !B;

-- Node name is 'C1' 
-- Equation name is 'C1', location is LC049, type is output.
 C1      = LCELL( _EQ002 $  A);
  _EQ002 =  A & !C & !D & !E
         #  A & !B;

-- Node name is 'D0' 
-- Equation name is 'D0', location is LC017, type is output.
 D0      = LCELL( _EQ003 $ !A);
  _EQ003 = !_LC052 & !_LC055 & !_LC062 & !_LC063 &  _X001 &  _X002 &  _X003 & 
              _X004;
  _X001  = EXP( A &  B &  C & !D & !E &  F & !G);
  _X002  = EXP( B & !C &  E &  F);
  _X003  = EXP( B & !C & !D &  E);
  _X004  = EXP(!C & !D &  E &  F);

-- Node name is 'D1' 
-- Equation name is 'D1', location is LC037, type is output.
 D1      = LCELL( _EQ004 $  _EQ005);
  _EQ004 =  A & !B & !C &  E &  F & !_LC039 & !_LC043
         # !A & !B &  C &  D & !F & !_LC039 & !_LC043
         # !A & !B & !C & !E & !F & !_LC039 & !_LC043
         #  A &  C &  D &  F & !_LC039 & !_LC043;
  _EQ005 = !_LC039 & !_LC043;

-- Node name is 'D2' 
-- Equation name is 'D2', location is LC040, type is output.
 D2      = LCELL( _EQ006 $  _EQ007);
  _EQ006 =  A & !B &  C &  D &  E & !_LC044 &  _X005
         #  A & !B &  C &  D &  F & !_LC044 &  _X005
         #  A & !C & !D & !E & !_LC044 &  _X005
         #  A & !C & !D & !F & !_LC044 &  _X005;
  _X005  = EXP(!A & !B & !C);
  _EQ007 = !_LC044 &  _X005;
  _X005  = EXP(!A & !B & !C);

-- Node name is 'D3' 
-- Equation name is 'D3', location is LC041, type is output.
 D3      = LCELL( _EQ008 $  GND);
  _EQ008 = !A &  B &  C & !D & !E & !F
         #  A & !B &  C &  D &  F
         #  A & !B &  C &  D &  E
         #  A &  B & !C & !D & !E
         # !A &  B & !C &  D;

-- Node name is 'U0' 
-- Equation name is 'U0', location is LC019, type is output.
 U0      = LCELL( H $  GND);

-- Node name is 'U1' 
-- Equation name is 'U1', location is LC020, type is output.
 U1      = LCELL( _EQ009 $  VCC);
  _EQ009 = !_LC033 & !_LC034 & !_LC035 & !_LC038 & !_LC042 & !_LC045 & 
             !_LC050;

-- Node name is 'U2' 
-- Equation name is 'U2', location is LC051, type is output.
 U2      = LCELL( _EQ010 $  VCC);
  _EQ010 = !_LC047 & !_LC048 & !_LC053 & !_LC054 & !_LC060 & !_LC064 &  _X006 & 
              _X007 &  _X008 &  _X009;
  _X006  = EXP(!A & !B &  D &  E & !F & !G);
  _X007  = EXP(!A & !B & !D & !E &  F & !G);
  _X008  = EXP(!A &  B & !D & !E & !F & !G);
  _X009  = EXP(!B & !C &  D & !E & !F & !G);

-- Node name is 'U3' 
-- Equation name is 'U3', location is LC046, type is output.
 U3      = LCELL( _EQ011 $  VCC);
  _EQ011 = !_LC056 & !_LC057 & !_LC058 & !_LC059 & !_LC061 &  _X001;
  _X001  = EXP( A &  B &  C & !D & !E &  F & !G);

-- Node name is '|CONVERSOR8:1|~255~1' 
-- Equation name is '_LC044', type is buried 
-- synthesized logic cell 
_LC044   = LCELL( _EQ012 $  GND);
  _EQ012 = !A &  C & !D & !E
         #  A &  B & !D
         #  A &  B & !C
         # !A &  B &  D
         # !A &  B &  C;

-- Node name is '|CONVERSOR8:1|~404~1' 
-- Equation name is '_LC043', type is buried 
-- synthesized logic cell 
_LC043   = LCELL( _EQ013 $  GND);
  _EQ013 =  A &  D &  E & !F
         #  C &  D & !E &  F
         # !A &  C & !D &  E
         # !A &  B & !C &  D
         #  A & !B & !C &  D;

-- Node name is '|CONVERSOR8:1|~404~2' 
-- Equation name is '_LC039', type is buried 
-- synthesized logic cell 
_LC039   = LCELL( _EQ014 $  GND);
  _EQ014 = !A &  B &  C & !D
         #  A &  B & !C & !D
         # !A & !B & !C & !D
         #  B &  D & !E;

-- Node name is '|CONVERSOR8:1|~863~1' 
-- Equation name is '_LC055', type is buried 
-- synthesized logic cell 
_LC055   = LCELL( _EQ015 $  GND);
  _EQ015 = !A &  B &  C & !D &  E &  F &  G
         # !A &  B & !C & !D & !E &  F &  G
         #  A & !B &  C &  D &  E & !G
         #  A &  C &  D &  E & !F & !G
         #  A & !B &  C &  E & !F & !G;

-- Node name is '|CONVERSOR8:1|~863~2' 
-- Equation name is '_LC052', type is buried 
-- synthesized logic cell 
_LC052   = LCELL( _EQ016 $  GND);
  _EQ016 =  A &  B &  D & !E & !F & !G
         #  A & !B &  D & !E &  F & !G
         #  A & !B & !C & !E & !F & !G
         #  A &  C &  D & !E &  F
         # !A &  B &  C &  D & !E;

-- Node name is '|CONVERSOR8:1|~863~3' 
-- Equation name is '_LC063', type is buried 
-- synthesized logic cell 
_LC063   = LCELL( _EQ017 $  GND);
  _EQ017 = !A & !C &  E &  F &  G
         # !A &  B & !C &  E &  G
         # !B &  C &  D &  E & !F
         #  A &  B &  C & !E & !F
         # !A & !B &  C & !E &  F;

-- Node name is '|CONVERSOR8:1|~863~4' 
-- Equation name is '_LC062', type is buried 
-- synthesized logic cell 
_LC062   = LCELL( _EQ018 $  GND);
  _EQ018 = !A &  C & !E & !F &  G
         # !A & !C & !D &  E &  G
         #  A & !B &  C & !D & !E
         # !A &  C & !D & !E & !F
         # !B & !C &  D & !E & !F;

-- Node name is '|CONVERSOR8:1|~1388~1' 
-- Equation name is '_LC061', type is buried 
-- synthesized logic cell 
_LC061   = LCELL( _EQ019 $  GND);
  _EQ019 =  A &  B &  C & !D &  E &  F &  G
         #  A & !B & !C &  D &  E &  F &  G
         #  A &  B & !C &  D &  E & !F &  G
         #  A & !B &  C &  D &  E &  F & !G
         #  A &  B &  C &  D &  E & !F & !G;

-- Node name is '|CONVERSOR8:1|~1388~2' 
-- Equation name is '_LC059', type is buried 
-- synthesized logic cell 
_LC059   = LCELL( _EQ020 $  GND);
  _EQ020 = !A &  B &  C &  D & !E &  F &  G
         # !A & !B &  C &  D &  E & !F &  G
         #  A & !B &  C &  D & !E & !F &  G
         # !A &  B & !C & !D &  E &  F &  G
         #  A &  B & !C & !D & !E &  F &  G;

-- Node name is '|CONVERSOR8:1|~1388~3' 
-- Equation name is '_LC057', type is buried 
-- synthesized logic cell 
_LC057   = LCELL( _EQ021 $  GND);
  _EQ021 = !A &  B &  C & !D &  E &  F & !G
         #  A & !B & !C & !D &  E & !F &  G
         # !A & !B & !C &  D &  E &  F & !G
         #  A & !B & !C &  D & !E &  F & !G
         # !A &  B & !C &  D &  E & !F & !G;

-- Node name is '|CONVERSOR8:1|~1388~4' 
-- Equation name is '_LC056', type is buried 
-- synthesized logic cell 
_LC056   = LCELL( _EQ022 $  GND);
  _EQ022 =  A & !B &  C & !D &  E & !F & !G
         #  A &  B & !C &  D & !E & !F & !G
         # !A & !B &  C & !D & !E &  F &  G
         # !A &  B &  C & !D & !E & !F &  G
         # !A & !B & !C &  D & !E & !F &  G;

-- Node name is '|CONVERSOR8:1|~1388~5' 
-- Equation name is '_LC058', type is buried 
-- synthesized logic cell 
_LC058   = LCELL( _EQ023 $  GND);
  _EQ023 = !A & !B &  C &  D & !E & !F & !G
         # !A &  B & !C & !D & !E &  F & !G
         # !A & !B & !C & !D &  E & !F & !G
         #  A & !B & !C & !D & !E & !F & !G;

-- Node name is '|CONVERSOR8:1|~2007~1' 
-- Equation name is '_LC060', type is buried 
-- synthesized logic cell 
_LC060   = LCELL( _EQ024 $  GND);
  _EQ024 = !A & !B &  C &  D & !E &  F &  G
         # !A &  B &  C &  D & !E & !F &  G
         #  A & !B & !C &  D &  E &  F & !G
         #  A &  B & !C &  D &  E & !F & !G
         # !A & !B &  C & !D & !E & !F &  G;

-- Node name is '|CONVERSOR8:1|~2007~2' 
-- Equation name is '_LC064', type is buried 
-- synthesized logic cell 
_LC064   = LCELL( _EQ025 $  GND);
  _EQ025 =  A & !B & !C & !D &  E & !F & !G
         #  B &  C &  D &  E &  F &  G
         # !A &  B &  C &  D &  E &  F
         #  A &  B &  C &  D & !E &  F
         # !A &  B &  D &  E &  F &  G;

-- Node name is '|CONVERSOR8:1|~2007~3' 
-- Equation name is '_LC054', type is buried 
-- synthesized logic cell 
_LC054   = LCELL( _EQ026 $  GND);
  _EQ026 =  A &  B & !C & !D &  E &  F
         #  A &  B & !D &  E &  F & !G
         #  B & !C &  D & !E &  F &  G
         # !B &  C & !D &  E &  F &  G
         #  A & !B &  D &  E & !F &  G;

-- Node name is '|CONVERSOR8:1|~2007~4' 
-- Equation name is '_LC053', type is buried 
-- synthesized logic cell 
_LC053   = LCELL( _EQ027 $  GND);
  _EQ027 =  B &  C & !D &  E & !F &  G
         #  B & !C & !D &  E &  F & !G
         #  A &  B & !C & !D &  F & !G
         # !A & !B &  C & !D &  E &  F
         # !A &  B &  C & !D &  E & !F;

-- Node name is '|CONVERSOR8:1|~2007~5' 
-- Equation name is '_LC048', type is buried 
-- synthesized logic cell 
_LC048   = LCELL( _EQ028 $  GND);
  _EQ028 =  A & !B &  C & !D & !E &  F
         #  A &  B &  C & !D & !E & !F
         #  A & !B & !C &  D & !F &  G
         # !A &  B &  D & !E &  F & !G
         #  A & !B &  C &  D & !F & !G;

-- Node name is '|CONVERSOR8:1|~2007~6' 
-- Equation name is '_LC047', type is buried 
-- synthesized logic cell 
_LC047   = LCELL( _EQ029 $  GND);
  _EQ029 = !A & !B & !D &  E &  F &  G
         # !B & !C &  D &  E & !F &  G
         # !A &  B & !D &  E & !F &  G
         # !B & !C & !D & !E &  F &  G
         #  B & !C & !D & !E & !F &  G;

-- Node name is '|CONVERSOR8:1|~2638~1' 
-- Equation name is '_LC045', type is buried 
-- synthesized logic cell 
_LC045   = LCELL( _EQ030 $  GND);
  _EQ030 =  A & !B &  C &  D &  E & !F &  G
         # !A &  B &  C & !D & !E &  F &  G
         # !A & !B & !C &  D &  E & !F &  G
         #  A & !B & !C &  D & !E & !F &  G
         # !A & !B &  C &  D &  E & !F & !G;

-- Node name is '|CONVERSOR8:1|~2638~2' 
-- Equation name is '_LC042', type is buried 
-- synthesized logic cell 
_LC042   = LCELL( _EQ031 $  GND);
  _EQ031 =  A & !B &  C &  D & !E & !F & !G
         # !A & !B & !C &  D & !E & !F & !G
         #  A &  B & !C &  E &  F &  G
         #  A &  B &  C &  E &  F & !G
         # !A &  B &  C &  D &  E &  G;

-- Node name is '|CONVERSOR8:1|~2638~3' 
-- Equation name is '_LC038', type is buried 
-- synthesized logic cell 
_LC038   = LCELL( _EQ032 $  GND);
  _EQ032 =  A &  B &  C &  D & !E &  G
         #  A & !C & !D &  E &  F &  G
         #  A &  B & !C & !D &  E &  G
         #  A &  C & !D &  E &  F & !G
         #  A &  B &  C & !D &  E & !G;

-- Node name is '|CONVERSOR8:1|~2638~4' 
-- Equation name is '_LC035', type is buried 
-- synthesized logic cell 
_LC035   = LCELL( _EQ033 $  GND);
  _EQ033 = !A & !B &  C &  E &  F &  G
         #  A & !B &  C & !E &  F &  G
         # !A &  B & !C &  E &  F & !G
         #  A &  B & !C & !E &  F & !G
         #  A & !B & !C &  D &  E & !G;

-- Node name is '|CONVERSOR8:1|~2638~5' 
-- Equation name is '_LC034', type is buried 
-- synthesized logic cell 
_LC034   = LCELL( _EQ034 $  GND);
  _EQ034 =  A & !C &  D &  E & !F & !G
         # !A &  B & !C &  D & !E &  G
         # !A &  C & !D &  E & !F &  G
         #  A &  C & !D & !E & !F &  G
         # !A &  B &  C &  D & !E & !G;

-- Node name is '|CONVERSOR8:1|~2638~6' 
-- Equation name is '_LC033', type is buried 
-- synthesized logic cell 
_LC033   = LCELL( _EQ035 $  GND);
  _EQ035 = !A & !C & !D &  E &  F & !G
         #  A & !C & !D & !E &  F & !G
         # !A &  B & !C & !D &  E & !G
         #  A &  B & !C & !D & !E & !G
         #  A & !B & !C &  E & !F & !G;

-- Node name is '|CONVERSOR8:1|~2638~7' 
-- Equation name is '_LC050', type is buried 
-- synthesized logic cell 
_LC050   = LCELL( _EQ036 $  GND);
  _EQ036 = !A & !B & !C & !E &  F &  G
         # !A & !B &  C & !E &  F & !G
         # !A & !C & !D & !E & !F &  G
         # !A &  C & !D & !E & !F & !G;



--     Shareable expanders that are duplicated in multiple LABs:
--    _X001 occurs in LABs B, C




Project Information                       c:\ap12\conversor8bitstobcd\lala.rpt

** COMPILATION SETTINGS & TIMES **

Processing Menu Commands
------------------------

Design Doctor                             = off

Logic Synthesis:

   Synthesis Type Used                    = Standard

   Default Synthesis Style                = NORMAL

      Logic option settings in 'NORMAL' style for 'MAX7000' family

      DECOMPOSE_GATES                     = on
      DUPLICATE_LOGIC_EXTRACTION          = on
      MINIMIZATION                        = full
      MULTI_LEVEL_FACTORING               = on
      NOT_GATE_PUSH_BACK                  = on
      PARALLEL_EXPANDERS                  = off
      REDUCE_LOGIC                        = on
      REFACTORIZATION                     = on
      REGISTER_OPTIMIZATION               = on
      RESYNTHESIZE_NETWORK                = on
      SLOW_SLEW_RATE                      = off
      SOFT_BUFFER_INSERTION               = on
      SUBFACTOR_EXTRACTION                = on
      TURBO_BIT                           = on
      XOR_SYNTHESIS                       = on
      IGNORE_SOFT_BUFFERS                 = off
      USE_LPM_FOR_AHDL_OPERATORS          = off

   Other logic synthesis settings:

      Automatic Global Clock              = on
      Automatic Global Clear              = on
      Automatic Global Preset             = on
      Automatic Global Output Enable      = on
      Automatic Fast I/O                  = off
      Automatic Register Packing          = off
      Automatic Open-Drain Pins           = on
      Automatic Implement in EAB          = off
      One-Hot State Machine Encoding      = off
      Optimize                            = 5

Default Timing Specifications: None

Cut All Bidir Feedback Timing Paths       = on
Cut All Clear & Preset Timing Paths       = on

Ignore Timing Assignments                 = off

Functional SNF Extractor                  = off

Linked SNF Extractor                      = off
Timing SNF Extractor                      = on
Optimize Timing SNF                       = off
Generate AHDL TDO File                    = off
Fitter Settings                           = NORMAL
Smart Recompile                           = off
Total Recompile                           = off

Interfaces Menu Commands
------------------------

EDIF Netlist Writer                       = off
Verilog Netlist Writer                    = off
VHDL Netlist Writer                       = off

Compilation Times
-----------------

   Compiler Netlist Extractor             00:00:00
   Database Builder                       00:00:00
   Logic Synthesizer                      00:00:00
   Partitioner                            00:00:01
   Fitter                                 00:00:00
   Timing SNF Extractor                   00:00:00
   Assembler                              00:00:00
   --------------------------             --------
   Total Time                             00:00:01


Memory Allocated
-----------------

Peak memory allocated during compilation  = 4,366K
