Project Information   c:\documents and settings\aluno\desktop\ap08\display.rpt

MAX+plus II Compiler Report File
Version 10.2 07/10/2002
Compiled: 10/04/2010 12:22:39

Copyright (C) 1988-2002 Altera Corporation
Any megafunction design, and related net list (encrypted or decrypted),
support information, device programming or simulation file, and any other
associated documentation or information provided by Altera or a partner
under Altera's Megafunction Partnership Program may be used only to
program PLD devices (but not masked PLD devices) from Altera.  Any other
use of such megafunction design, net list, support information, device
programming or simulation file, or any other related documentation or
information is prohibited for any other purpose, including, but not
limited to modification, reverse engineering, de-compiling, or use with
any other silicon devices, unless such use is explicitly licensed under
a separate agreement with Altera or a megafunction partner.  Title to
the intellectual property, including patents, copyrights, trademarks,
trade secrets, or maskworks, embodied in any such megafunction design,
net list, support information, device programming or simulation file, or
any other related documentation or information provided by Altera or a
megafunction partner, remains with Altera, the megafunction partner, or
their respective licensors.  No other licenses, including any licenses
needed under any third party's intellectual property, are provided herein.



***** Project compilation was successful




** DEVICE SUMMARY **

Chip/                     Input   Output   Bidir         Shareable
POF       Device          Pins    Pins     Pins     LCs  Expanders  % Utilized

display   EPM7032LC44-6    4        8        0      8       0           25 %

User Pins:                 4        8        0  



Project Information   c:\documents and settings\aluno\desktop\ap08\display.rpt

** PROJECT COMPILATION MESSAGES **

Warning: Primitive 'S_Dp' is stuck at VCC


Project Information   c:\documents and settings\aluno\desktop\ap08\display.rpt

** FILE HIERARCHY **



|segmento_a:1|
|segmento_b:2|
|segmento_c:3|
|segmento_d:4|
|segmento_e:5|
|segmento_f:6|
|segmento_g:7|


Device-Specific Information:c:\documents and settings\aluno\desktop\ap08\display.rpt
display

***** Logic for device 'display' compiled without errors.




Device: EPM7032LC44-6

Device Options:
    Turbo Bit                                    = ON
    Security Bit                                 = OFF

                                               
                                               
                                               
                                               
                                               
                       V  G  G  G  G  G  S  S  
                       C  N  N  N  N  N  _  _  
              C  B  A  C  D  D  D  D  D  E  F  
            -----------------------------------_ 
          /   6  5  4  3  2  1 44 43 42 41 40   | 
       D |  7                                39 | S_C 
RESERVED |  8                                38 | S_B 
RESERVED |  9                                37 | S_G 
     GND | 10                                36 | S_A 
RESERVED | 11                                35 | VCC 
RESERVED | 12         EPM7032LC44-6          34 | S_Dp 
RESERVED | 13                                33 | S_D 
RESERVED | 14                                32 | RESERVED 
     VCC | 15                                31 | RESERVED 
RESERVED | 16                                30 | GND 
RESERVED | 17                                29 | RESERVED 
         |_  18 19 20 21 22 23 24 25 26 27 28  _| 
           ------------------------------------ 
              R  R  R  R  G  V  R  R  R  R  R  
              E  E  E  E  N  C  E  E  E  E  E  
              S  S  S  S  D  C  S  S  S  S  S  
              E  E  E  E        E  E  E  E  E  
              R  R  R  R        R  R  R  R  R  
              V  V  V  V        V  V  V  V  V  
              E  E  E  E        E  E  E  E  E  
              D  D  D  D        D  D  D  D  D  


N.C. = No Connect. This pin has no internal connection to the device.
VCC = Dedicated power pin, which MUST be connected to VCC.
GND = Dedicated ground pin or unused dedicated input, which MUST be connected to GND.
RESERVED = Unused I/O pin, which MUST be left unconnected.



Device-Specific Information:c:\documents and settings\aluno\desktop\ap08\display.rpt
display

** RESOURCE USAGE **

                                                Shareable     External
Logic Array Block     Logic Cells   I/O Pins    Expanders   Interconnect

A:     LC1 - LC16     0/16(  0%)   4/16( 25%)   0/16(  0%)   0/36(  0%) 
B:    LC17 - LC32     8/16( 50%)   8/16( 50%)   3/16( 18%)   4/36( 11%) 


Total dedicated input pins used:                 0/4      (  0%)
Total I/O pins used:                            12/32     ( 37%)
Total logic cells used:                          8/32     ( 25%)
Total shareable expanders used:                  0/32     (  0%)
Total Turbo logic cells used:                    8/32     ( 25%)
Total shareable expanders not available (n/a):   3/32     (  9%)
Average fan-in:                                  3.50
Total fan-in:                                    28

Total input pins required:                       4
Total output pins required:                      8
Total bidirectional pins required:               0
Total logic cells required:                      8
Total flipflops required:                        0
Total product terms required:                   31
Total logic cells lending parallel expanders:    0
Total shareable expanders in database:           0

Synthesized logic cells:                         0/  32   (  0%)



Device-Specific Information:c:\documents and settings\aluno\desktop\ap08\display.rpt
display

** INPUTS **

                                         Shareable
                                         Expanders     Fan-In    Fan-Out
 Pin     LC  LAB  Primitive    Code   Total Shared n/a INP  FBK  OUT  FBK  Name
   4    (1)  (A)      INPUT               0      0   0    0    0    7    0  A
   5    (2)  (A)      INPUT               0      0   0    0    0    7    0  B
   6    (3)  (A)      INPUT               0      0   0    0    0    7    0  C
   7    (4)  (A)      INPUT               0      0   0    0    0    7    0  D


Code:

s = Synthesized pin or logic cell
t = Turbo logic cell
+ = Synchronous flipflop
! = NOT gate push-back
r = Fitter-inserted logic cell


Device-Specific Information:c:\documents and settings\aluno\desktop\ap08\display.rpt
display

** OUTPUTS **

                                         Shareable
                                         Expanders     Fan-In    Fan-Out
 Pin     LC  LAB  Primitive    Code   Total Shared n/a INP  FBK  OUT  FBK  Name
  36     22    B     OUTPUT      t        1      0   1    4    0    0    0  S_A
  38     20    B     OUTPUT      t        1      0   1    4    0    0    0  S_B
  39     19    B     OUTPUT      t        0      0   0    4    0    0    0  S_C
  33     24    B     OUTPUT      t        0      0   0    4    0    0    0  S_D
  34     23    B     OUTPUT      t        0      0   0    0    0    0    0  S_Dp
  41     17    B     OUTPUT      t        0      0   0    4    0    0    0  S_E
  40     18    B     OUTPUT      t        1      0   1    4    0    0    0  S_F
  37     21    B     OUTPUT      t        0      0   0    4    0    0    0  S_G


Code:

s = Synthesized pin or logic cell
t = Turbo logic cell
+ = Synchronous flipflop
! = NOT gate push-back
r = Fitter-inserted logic cell


Device-Specific Information:c:\documents and settings\aluno\desktop\ap08\display.rpt
display

** LOGIC CELL INTERCONNECTIONS **

Logic Array Block 'B':

                         Logic cells placed in LAB 'B'
        +--------------- LC22 S_A
        | +------------- LC20 S_B
        | | +----------- LC19 S_C
        | | | +--------- LC24 S_D
        | | | | +------- LC23 S_Dp
        | | | | | +----- LC17 S_E
        | | | | | | +--- LC18 S_F
        | | | | | | | +- LC21 S_G
        | | | | | | | | 
        | | | | | | | |   Other LABs fed by signals
        | | | | | | | |   that feed LAB 'B'
LC      | | | | | | | | | A B |     Logic cells that feed LAB 'B':

Pin
4    -> * * * * - * * * | - * | <-- A
5    -> * * * * - * * * | - * | <-- B
6    -> * * * * - * * * | - * | <-- C
7    -> * * * * - * * * | - * | <-- D


* = The logic cell or pin is an input to the logic cell (or LAB) through the PIA.
- = The logic cell or pin is not an input to the logic cell (or LAB).


Device-Specific Information:c:\documents and settings\aluno\desktop\ap08\display.rpt
display

** EQUATIONS **

A        : INPUT;
B        : INPUT;
C        : INPUT;
D        : INPUT;

-- Node name is 'S_A' 
-- Equation name is 'S_A', location is LC022, type is output.
 S_A     = LCELL( _EQ001 $ !D);
  _EQ001 = !A &  B & !C & !D
         #  B &  C &  D
         # !A &  B &  D
         # !A &  C &  D;

-- Node name is 'S_B' 
-- Equation name is 'S_B', location is LC020, type is output.
 S_B     = LCELL( _EQ002 $ !A);
  _EQ002 = !A &  B & !C &  D
         # !A &  B &  C & !D
         #  A & !C &  D
         #  A & !B & !C;

-- Node name is 'S_C' 
-- Equation name is 'S_C', location is LC019, type is output.
 S_C     = LCELL( _EQ003 $ !A);
  _EQ003 = !A & !B &  C & !D
         #  A & !C &  D
         #  A & !B;

-- Node name is 'S_D' 
-- Equation name is 'S_D', location is LC024, type is output.
 S_D     = LCELL( _EQ004 $  VCC);
  _EQ004 = !A &  B & !C & !D
         # !A & !B & !C &  D
         #  B &  C &  D;

-- Node name is 'S_Dp' 
-- Equation name is 'S_Dp', location is LC023, type is output.
 S_Dp    = LCELL( GND $  VCC);

-- Node name is 'S_E' 
-- Equation name is 'S_E', location is LC017, type is output.
 S_E     = LCELL( _EQ005 $ !D);
  _EQ005 = !A &  B & !C & !D
         #  A &  B &  D
         #  A &  C &  D;

-- Node name is 'S_F' 
-- Equation name is 'S_F', location is LC018, type is output.
 S_F     = LCELL( _EQ006 $ !D);
  _EQ006 = !A &  B & !C &  D
         # !A & !B &  C & !D
         #  A &  C &  D
         #  A & !B &  D;

-- Node name is 'S_G' 
-- Equation name is 'S_G', location is LC021, type is output.
 S_G     = LCELL( _EQ007 $ !B);
  _EQ007 =  A &  B &  D
         #  B &  C & !D
         # !A & !C;



--     Shareable expanders that are duplicated in multiple LABs:
--     (none)




Project Information   c:\documents and settings\aluno\desktop\ap08\display.rpt

** COMPILATION SETTINGS & TIMES **

Processing Menu Commands
------------------------

Design Doctor                             = off

Logic Synthesis:

   Synthesis Type Used                    = Standard

   Default Synthesis Style                = NORMAL

      Logic option settings in 'NORMAL' style for 'MAX7000' family

      DECOMPOSE_GATES                     = on
      DUPLICATE_LOGIC_EXTRACTION          = on
      MINIMIZATION                        = full
      MULTI_LEVEL_FACTORING               = on
      NOT_GATE_PUSH_BACK                  = on
      PARALLEL_EXPANDERS                  = off
      REDUCE_LOGIC                        = on
      REFACTORIZATION                     = on
      REGISTER_OPTIMIZATION               = on
      RESYNTHESIZE_NETWORK                = on
      SLOW_SLEW_RATE                      = off
      SOFT_BUFFER_INSERTION               = on
      SUBFACTOR_EXTRACTION                = on
      TURBO_BIT                           = on
      XOR_SYNTHESIS                       = on
      IGNORE_SOFT_BUFFERS                 = off
      USE_LPM_FOR_AHDL_OPERATORS          = off

   Other logic synthesis settings:

      Automatic Global Clock              = on
      Automatic Global Clear              = on
      Automatic Global Preset             = on
      Automatic Global Output Enable      = on
      Automatic Fast I/O                  = off
      Automatic Register Packing          = off
      Automatic Open-Drain Pins           = on
      Automatic Implement in EAB          = off
      One-Hot State Machine Encoding      = off
      Optimize                            = 5

Default Timing Specifications: None

Cut All Bidir Feedback Timing Paths       = on
Cut All Clear & Preset Timing Paths       = on

Ignore Timing Assignments                 = off

Functional SNF Extractor                  = off

Linked SNF Extractor                      = off
Timing SNF Extractor                      = on
Optimize Timing SNF                       = off
Generate AHDL TDO File                    = off
Fitter Settings                           = NORMAL
Smart Recompile                           = off
Total Recompile                           = off

Interfaces Menu Commands
------------------------

EDIF Netlist Writer                       = off
Verilog Netlist Writer                    = off
VHDL Netlist Writer                       = off

Compilation Times
-----------------

   Compiler Netlist Extractor             00:00:00
   Database Builder                       00:00:00
   Logic Synthesizer                      00:00:01
   Partitioner                            00:00:00
   Fitter                                 00:00:00
   Timing SNF Extractor                   00:00:00
   Assembler                              00:00:00
   --------------------------             --------
   Total Time                             00:00:01


Memory Allocated
-----------------

Peak memory allocated during compilation  = 2,682K
