Project Information            c:\users\felipe\desktop\ap14\max\maqestados.rpt

MAX+plus II Compiler Report File
Version 10.2 07/10/2002
Compiled: 11/23/2010 09:22:02

Copyright (C) 1988-2002 Altera Corporation
Any megafunction design, and related net list (encrypted or decrypted),
support information, device programming or simulation file, and any other
associated documentation or information provided by Altera or a partner
under Altera's Megafunction Partnership Program may be used only to
program PLD devices (but not masked PLD devices) from Altera.  Any other
use of such megafunction design, net list, support information, device
programming or simulation file, or any other related documentation or
information is prohibited for any other purpose, including, but not
limited to modification, reverse engineering, de-compiling, or use with
any other silicon devices, unless such use is explicitly licensed under
a separate agreement with Altera or a megafunction partner.  Title to
the intellectual property, including patents, copyrights, trademarks,
trade secrets, or maskworks, embodied in any such megafunction design,
net list, support information, device programming or simulation file, or
any other related documentation or information provided by Altera or a
megafunction partner, remains with Altera, the megafunction partner, or
their respective licensors.  No other licenses, including any licenses
needed under any third party's intellectual property, are provided herein.



***** Project compilation was successful


MAQESTADOS


** DEVICE SUMMARY **

Chip/                     Input Output Bidir  Memory  Memory  			 LCs
POF       Device          Pins  Pins   Pins   Bits % Utilized  LCs  % Utilized

maqestados
      EPF10K10LC84-3       10     20     0    0         0  %    44       7  %

User Pins:                 10     20     0  



Device-Specific Information:   c:\users\felipe\desktop\ap14\max\maqestados.rpt
maqestados

***** Logic for device 'maqestados' compiled without errors.




Device: EPF10K10LC84-3

FLEX 10K Configuration Scheme: Passive Serial

Device Options:
    User-Supplied Start-Up Clock               = OFF
    Auto-Restart Configuration on Frame Error  = OFF
    Release Clears Before Tri-States           = OFF
    Enable Chip_Wide Reset                     = OFF
    Enable Chip-Wide Output Enable             = OFF
    Enable INIT_DONE Output                    = OFF
    JTAG User Code                             = 7f

                                                                         ^     
                                                                         C     
                      R     R  R                    R     R  R  R  R     O     
                      E     E  E                    E     E  E  E  E     N     
                      S     S  S     V              S  G  S  S  S  S     F     
                      E     E  E     C              E  N  E  E  E  E     _  ^  
                      R     R  R     C              R  D  R  R  R  R  #  D  n  
                   S  V     V  V     I              V  I  V  V  V  V  T  O  C  
                E  1  E  S  E  E  P  N  S  A  E  A  E  N  E  E  E  E  C  N  E  
                4  2  D  8  D  D  3  T  1  2  2  3  D  T  D  D  D  D  K  E  O  
              -----------------------------------------------------------------_ 
            /  11 10  9  8  7  6  5  4  3  2  1 84 83 82 81 80 79 78 77 76 75   | 
    ^DATA0 | 12                                                              74 | #TDO 
     ^DCLK | 13                                                              73 | RESERVED 
      ^nCE | 14                                                              72 | S9 
      #TDI | 15                                                              71 | RESERVED 
        S4 | 16                                                              70 | RESERVED 
  RESERVED | 17                                                              69 | S14 
        S0 | 18                                                              68 | GNDINT 
        S3 | 19                                                              67 | E5 
    VCCINT | 20                                                              66 | E3 
        S2 | 21                                                              65 | S13 
        S5 | 22                        EPF10K10LC84-3                        64 | E1 
       S11 | 23                                                              63 | VCCINT 
       S15 | 24                                                              62 | S6 
        P1 | 25                                                              61 | RESERVED 
    GNDINT | 26                                                              60 | RESERVED 
  RESERVED | 27                                                              59 | RESERVED 
  RESERVED | 28                                                              58 | RESERVED 
  RESERVED | 29                                                              57 | #TMS 
  RESERVED | 30                                                              56 | #TRST 
    ^MSEL0 | 31                                                              55 | ^nSTATUS 
    ^MSEL1 | 32                                                              54 | RESERVED 
           |_  33 34 35 36 37 38 39 40 41 42 43 44 45 46 47 48 49 50 51 52 53  _| 
             ------------------------------------------------------------------ 
                V  ^  S  R  S  P  P  V  G  A  E  A  V  G  R  R  R  R  R  R  R  
                C  n  1  E  7  2  0  C  N  0  0  1  C  N  E  E  E  E  E  E  E  
                C  C  0  S           C  D           C  D  S  S  S  S  S  S  S  
                I  O     E           I  I           I  I  E  E  E  E  E  E  E  
                N  N     R           N  N           N  N  R  R  R  R  R  R  R  
                T  F     V           T  T           T  T  V  V  V  V  V  V  V  
                   I     E                                E  E  E  E  E  E  E  
                   G     D                                D  D  D  D  D  D  D  
                                                                               
                                                                               


N.C. = No Connect. This pin has no internal connection to the device.
VCCINT = Dedicated power pin, which MUST be connected to VCC (5.0 volts).
VCCIO = Dedicated power pin, which MUST be connected to VCC (5.0 volts).
GNDINT = Dedicated ground pin or unused dedicated input, which MUST be connected to GND.
GNDIO = Dedicated ground pin, which MUST be connected to GND.
RESERVED = Unused I/O pin, which MUST be left unconnected.

^ = Dedicated configuration pin.
+ = Reserved configuration pin, which is tri-stated during user mode.
* = Reserved configuration pin, which drives out in user mode.
PDn = Power Down pin. 
@ = Special-purpose pin. 
# = JTAG Boundary-Scan Testing/In-System Programming or Configuration Pin. The JTAG inputs TMS and TDI should be tied to VCC and TCK should be tied to GND when not in use.
& = JTAG pin used for I/O. When used as user I/O, JTAG pins must be kept stable before and during configuration.  JTAG pin stability prevents accidental loading of JTAG instructions.


Device-Specific Information:   c:\users\felipe\desktop\ap14\max\maqestados.rpt
maqestados

** RESOURCE USAGE **

Logic                Column       Row                                   
Array                Interconnect Interconnect         Clears/     External  
Block   Logic Cells  Driven       Driven       Clocks  Presets   Interconnect
A2       8/ 8(100%)   3/ 8( 37%)   5/ 8( 62%)    0/2    0/2       4/22( 18%)   
B1       5/ 8( 62%)   0/ 8(  0%)   3/ 8( 37%)    0/2    0/2       6/22( 27%)   
B3       7/ 8( 87%)   1/ 8( 12%)   2/ 8( 25%)    0/2    0/2      10/22( 45%)   
B5       8/ 8(100%)   2/ 8( 25%)   5/ 8( 62%)    0/2    0/2       6/22( 27%)   
B9       8/ 8(100%)   2/ 8( 25%)   1/ 8( 12%)    0/2    0/2      10/22( 45%)   
B12      8/ 8(100%)   2/ 8( 25%)   1/ 8( 12%)    0/2    0/2      12/22( 54%)   


Embedded             Column       Row                                   
Array     Embedded   Interconnect Interconnect         Read/      External  
Block     Cells      Driven       Driven       Clocks  Write    Interconnect


Total dedicated input pins used:                 6/6      (100%)
Total I/O pins used:                            24/53     ( 45%)
Total logic cells used:                         44/576    (  7%)
Total embedded cells used:                       0/24     (  0%)
Total EABs used:                                 0/3      (  0%)
Average fan-in:                                 3.27/4    ( 81%)
Total fan-in:                                 144/2304    (  6%)

Total input pins required:                      10
Total input I/O cell registers required:         0
Total output pins required:                     20
Total output I/O cell registers required:        0
Total buried I/O cell registers required:        0
Total bidirectional pins required:               0
Total reserved pins required                     0
Total logic cells required:                     44
Total flipflops required:                        0
Total packed registers required:                 0
Total logic cells in carry chains:               0
Total number of carry chains:                    0
Total logic cells in cascade chains:             0
Total number of cascade chains:                  0
Total single-pin Clock Enables required:         0
Total single-pin Output Enables required:        0

Synthesized logic cells:                        25/ 576   (  4%)

Logic Cell and Embedded Cell Counts

Column:  01  02  03  04  05  06  07  08  09  10  11  12  EA  13  14  15  16  17  18  19  20  21  22  23  24  Total(LC/EC)
 A:      0   8   0   0   0   0   0   0   0   0   0   0   0   0   0   0   0   0   0   0   0   0   0   0   0      8/0  
 B:      5   0   7   0   8   0   0   0   8   0   0   8   0   0   0   0   0   0   0   0   0   0   0   0   0     36/0  
 C:      0   0   0   0   0   0   0   0   0   0   0   0   0   0   0   0   0   0   0   0   0   0   0   0   0      0/0  

Total:   5   8   7   0   8   0   0   0   8   0   0   8   0   0   0   0   0   0   0   0   0   0   0   0   0     44/0  



Device-Specific Information:   c:\users\felipe\desktop\ap14\max\maqestados.rpt
maqestados

** INPUTS **

                                                    Fan-In    Fan-Out
 Pin     LC     EC   Row  Col  Primitive    Code      INP  FBK  OUT  FBK  Name
  42      -     -    -    --      INPUT                0    0    0   17  A0
  44      -     -    -    --      INPUT                0    0    0   17  A1
   2      -     -    -    --      INPUT                0    0    0   13  A2
  84      -     -    -    --      INPUT                0    0    0   20  A3
  43      -     -    -    --      INPUT                0    0    0    6  E0
  64      -     -    B    --      INPUT                0    0    0    6  E1
   1      -     -    -    --      INPUT                0    0    0    7  E2
  66      -     -    B    --      INPUT                0    0    0    7  E3
  11      -     -    -    01      INPUT                0    0    0    4  E4
  67      -     -    B    --      INPUT                0    0    0    4  E5


Code:

s = Synthesized pin or logic cell
+ = Synchronous flipflop
/ = Slow slew-rate output
! = NOT gate push-back
r = Fitter-inserted logic cell
@ = Uses single-pin Clock Enable
& = Uses single-pin Output Enable


Device-Specific Information:   c:\users\felipe\desktop\ap14\max\maqestados.rpt
maqestados

** OUTPUTS **

       Fed By Fed By                                Fan-In    Fan-Out
 Pin     LC     EC   Row  Col  Primitive    Code      INP  FBK  OUT  FBK  Name
  39      -     -    -    11     OUTPUT                0    1    0    0  P0
  25      -     -    B    --     OUTPUT                0    1    0    0  P1
  38      -     -    -    10     OUTPUT                0    1    0    0  P2
   5      -     -    -    05     OUTPUT                0    1    0    0  P3
  18      -     -    A    --     OUTPUT                0    1    0    0  S0
   3      -     -    -    12     OUTPUT                0    1    0    0  S1
  21      -     -    B    --     OUTPUT                0    1    0    0  S2
  19      -     -    A    --     OUTPUT                0    1    0    0  S3
  16      -     -    A    --     OUTPUT                0    1    0    0  S4
  22      -     -    B    --     OUTPUT                0    1    0    0  S5
  62      -     -    C    --     OUTPUT                0    0    0    0  S6
  37      -     -    -    09     OUTPUT                0    1    0    0  S7
   8      -     -    -    03     OUTPUT                0    1    0    0  S8
  72      -     -    A    --     OUTPUT                0    1    0    0  S9
  35      -     -    -    06     OUTPUT                0    1    0    0  S10
  23      -     -    B    --     OUTPUT                0    1    0    0  S11
  10      -     -    -    01     OUTPUT                0    1    0    0  S12
  65      -     -    B    --     OUTPUT                0    1    0    0  S13
  69      -     -    A    --     OUTPUT                0    1    0    0  S14
  24      -     -    B    --     OUTPUT                0    1    0    0  S15


Code:

s = Synthesized pin or logic cell
+ = Synchronous flipflop
/ = Slow slew-rate output
! = NOT gate push-back
r = Fitter-inserted logic cell
@ = Uses single-pin Clock Enable
& = Uses single-pin Output Enable


Device-Specific Information:   c:\users\felipe\desktop\ap14\max\maqestados.rpt
maqestados

** BURIED LOGIC **

                                                    Fan-In    Fan-Out
 IOC     LC     EC   Row  Col  Primitive    Code      INP  FBK  OUT  FBK  Name
   -      3     -    B    03        OR2    s           4    0    0    1  A2~1
   -      4     -    B    03       AND2    s           3    0    0    1  A2~2
   -      4     -    A    02       AND2    s           2    0    0    4  ~117~1
   -      4     -    B    01        OR2    s           3    0    0    1  ~117~2
   -      1     -    B    01       AND2    s           1    2    0    3  ~117~3
   -      3     -    B    05        OR2                3    1    1    0  :117
   -      7     -    A    02       AND2    s           2    0    0    4  ~196~1
   -      2     -    B    03       AND2    s           3    0    0    2  ~196~2
   -      5     -    B    01       AND2    s           4    0    0    1  ~196~3
   -      3     -    B    01        OR2    s           1    2    0    2  ~196~4
   -      7     -    B    09        OR2    s           3    1    0    1  ~196~5
   -      2     -    B    09        OR2                1    3    1    0  :196
   -      4     -    B    09        OR2    s           2    1    0    2  ~297~1
   -      6     -    B    09        OR2    s           2    1    0    1  ~297~2
   -      8     -    B    09       AND2                1    2    1    0  :297
   -      2     -    B    01       AND2    s           2    0    0    4  ~506~1
   -      3     -    B    12        OR2    s           4    0    0    2  ~506~2
   -      5     -    B    12        OR2    s           4    0    0    1  ~506~3
   -      6     -    B    12        OR2    s           3    1    0    1  ~506~4
   -      7     -    B    12        OR2    s           1    3    0    1  ~506~5
   -      8     -    B    12        OR2    s           3    1    0    1  ~506~6
   -      4     -    B    12        OR2                2    2    1    0  :506
   -      8     -    B    05       AND2    s           3    0    0    3  ~523~1
   -      6     -    B    05        OR2                4    0    1    0  :527
   -      8     -    A    02       AND2                1    1    1    0  :534
   -      5     -    B    05       AND2                4    0    1    0  :545
   -      3     -    A    02        OR2                3    1    1    0  :560
   -      1     -    B    12        OR2    s           1    2    0    1  ~643~1
   -      4     -    B    05        OR2                2    2    1    0  :643
   -      7     -    B    05        OR2                4    0    1    0  :666
   -      2     -    A    02       AND2                2    1    1    0  :679
   -      5     -    B    03        OR2    s           2    2    0    1  ~868~1
   -      6     -    B    03       AND2    s           1    2    0    1  ~868~2
   -      8     -    B    03        OR2                2    2    1    0  :868
   -      3     -    B    09        OR2    s           2    1    0    1  ~1009~1
   -      1     -    B    03       AND2    s           2    1    0    2  ~1009~2
   -      5     -    B    09       AND2    s           2    1    0    1  ~1009~3
   -      1     -    B    09        OR2                2    2    1    0  :1009
   -      2     -    B    05       AND2                1    1    1    0  :1021
   -      1     -    A    02        OR2                2    1    1    0  :1046
   -      6     -    A    02       AND2                2    1    1    0  :1055
   -      1     -    B    05       AND2                1    1    1    0  :1066
   -      2     -    B    12       AND2                3    0    1    0  :1071
   -      5     -    A    02       AND2                1    1    1    0  :1078


Code:

s = Synthesized pin or logic cell
+ = Synchronous flipflop
/ = Slow slew-rate output
! = NOT gate push-back
r = Fitter-inserted logic cell
p = Packed register


Device-Specific Information:   c:\users\felipe\desktop\ap14\max\maqestados.rpt
maqestados

** FASTTRACK INTERCONNECT UTILIZATION **

Row FastTrack Interconnect:

          Global         Left Half-      Right Half-
         FastTrack       FastTrack       FastTrack 
Row     Interconnect    Interconnect    Interconnect    Input Pins     Output Pins     Bidir Pins
A:       2/ 96(  2%)     3/ 48(  6%)     0/ 48(  0%)    0/16(  0%)      5/16( 31%)     0/16(  0%)
B:       6/ 96(  6%)    12/ 48( 25%)     0/ 48(  0%)    3/16( 18%)      6/16( 37%)     0/16(  0%)
C:       0/ 96(  0%)     0/ 48(  0%)     0/ 48(  0%)    0/16(  0%)      1/16(  6%)     0/16(  0%)


Column FastTrack Interconnect:

         FastTrack                                 
Column  Interconnect    Input Pins     Output Pins     Bidir Pins
01:      4/24( 16%)     1/4( 25%)      1/4( 25%)       0/4(  0%)
02:      0/24(  0%)     0/4(  0%)      0/4(  0%)       0/4(  0%)
03:      1/24(  4%)     0/4(  0%)      1/4( 25%)       0/4(  0%)
04:      0/24(  0%)     0/4(  0%)      0/4(  0%)       0/4(  0%)
05:      1/24(  4%)     0/4(  0%)      1/4( 25%)       0/4(  0%)
06:      1/24(  4%)     0/4(  0%)      1/4( 25%)       0/4(  0%)
07:      0/24(  0%)     0/4(  0%)      0/4(  0%)       0/4(  0%)
08:      0/24(  0%)     0/4(  0%)      0/4(  0%)       0/4(  0%)
09:      1/24(  4%)     0/4(  0%)      1/4( 25%)       0/4(  0%)
10:      1/24(  4%)     0/4(  0%)      1/4( 25%)       0/4(  0%)
11:      1/24(  4%)     0/4(  0%)      1/4( 25%)       0/4(  0%)
12:      1/24(  4%)     0/4(  0%)      1/4( 25%)       0/4(  0%)
13:      0/24(  0%)     0/4(  0%)      0/4(  0%)       0/4(  0%)
14:      0/24(  0%)     0/4(  0%)      0/4(  0%)       0/4(  0%)
15:      0/24(  0%)     0/4(  0%)      0/4(  0%)       0/4(  0%)
16:      0/24(  0%)     0/4(  0%)      0/4(  0%)       0/4(  0%)
17:      0/24(  0%)     0/4(  0%)      0/4(  0%)       0/4(  0%)
18:      0/24(  0%)     0/4(  0%)      0/4(  0%)       0/4(  0%)
19:      0/24(  0%)     0/4(  0%)      0/4(  0%)       0/4(  0%)
20:      0/24(  0%)     0/4(  0%)      0/4(  0%)       0/4(  0%)
21:      0/24(  0%)     0/4(  0%)      0/4(  0%)       0/4(  0%)
22:      0/24(  0%)     0/4(  0%)      0/4(  0%)       0/4(  0%)
23:      0/24(  0%)     0/4(  0%)      0/4(  0%)       0/4(  0%)
24:      0/24(  0%)     0/4(  0%)      0/4(  0%)       0/4(  0%)
EA:      0/24(  0%)     0/4(  0%)      0/4(  0%)       0/4(  0%)


Device-Specific Information:   c:\users\felipe\desktop\ap14\max\maqestados.rpt
maqestados

** EQUATIONS **

A0       : INPUT;
A1       : INPUT;
A2       : INPUT;
A3       : INPUT;
E0       : INPUT;
E1       : INPUT;
E2       : INPUT;
E3       : INPUT;
E4       : INPUT;
E5       : INPUT;

-- Node name is 'A2~1' 
-- Equation name is 'A2~1', location is LC3_B3, type is buried.
-- synthesized logic cell 
_LC3_B3  = LCELL( _EQ001);
  _EQ001 =  A1 &  E1 & !E2 & !E3
         #  A1 & !E1 &  E2 & !E3;

-- Node name is 'A2~2' 
-- Equation name is 'A2~2', location is LC4_B3, type is buried.
-- synthesized logic cell 
_LC4_B3  = LCELL( _EQ002);
  _EQ002 =  A0 & !E1 & !E2;

-- Node name is 'P0' 
-- Equation name is 'P0', type is output 
P0       =  _LC4_B12;

-- Node name is 'P1' 
-- Equation name is 'P1', type is output 
P1       =  _LC8_B9;

-- Node name is 'P2' 
-- Equation name is 'P2', type is output 
P2       =  _LC2_B9;

-- Node name is 'P3' 
-- Equation name is 'P3', type is output 
P3       =  _LC3_B5;

-- Node name is 'S0' 
-- Equation name is 'S0', type is output 
S0       =  _LC5_A2;

-- Node name is 'S1' 
-- Equation name is 'S1', type is output 
S1       =  _LC2_B12;

-- Node name is 'S2' 
-- Equation name is 'S2', type is output 
S2       =  _LC1_B5;

-- Node name is 'S3' 
-- Equation name is 'S3', type is output 
S3       =  _LC6_A2;

-- Node name is 'S4' 
-- Equation name is 'S4', type is output 
S4       =  _LC1_A2;

-- Node name is 'S5' 
-- Equation name is 'S5', type is output 
S5       =  _LC2_B5;

-- Node name is 'S6' 
-- Equation name is 'S6', type is output 
S6       =  GND;

-- Node name is 'S7' 
-- Equation name is 'S7', type is output 
S7       =  _LC1_B9;

-- Node name is 'S8' 
-- Equation name is 'S8', type is output 
S8       =  _LC8_B3;

-- Node name is 'S9' 
-- Equation name is 'S9', type is output 
S9       =  _LC2_A2;

-- Node name is 'S10' 
-- Equation name is 'S10', type is output 
S10      =  _LC7_B5;

-- Node name is 'S11' 
-- Equation name is 'S11', type is output 
S11      =  _LC4_B5;

-- Node name is 'S12' 
-- Equation name is 'S12', type is output 
S12      =  _LC3_A2;

-- Node name is 'S13' 
-- Equation name is 'S13', type is output 
S13      =  _LC5_B5;

-- Node name is 'S14' 
-- Equation name is 'S14', type is output 
S14      =  _LC8_A2;

-- Node name is 'S15' 
-- Equation name is 'S15', type is output 
S15      =  _LC6_B5;

-- Node name is '~117~1' 
-- Equation name is '~117~1', location is LC4_A2, type is buried.
-- synthesized logic cell 
_LC4_A2  = LCELL( _EQ003);
  _EQ003 = !A1 & !A2;

-- Node name is '~117~2' 
-- Equation name is '~117~2', location is LC4_B1, type is buried.
-- synthesized logic cell 
_LC4_B1  = LCELL( _EQ004);
  _EQ004 = !E2 &  E4 & !E5
         # !E2 & !E4 &  E5;

-- Node name is '~117~3' 
-- Equation name is '~117~3', location is LC1_B1, type is buried.
-- synthesized logic cell 
_LC1_B1  = LCELL( _EQ005);
  _EQ005 =  A0 &  _LC2_B3 &  _LC4_B1;

-- Node name is ':117' 
-- Equation name is '_LC3_B5', type is buried 
_LC3_B5  = LCELL( _EQ006);
  _EQ006 = !A1 & !A2 &  _LC1_B1
         # !A1 & !A2 &  A3;

-- Node name is '~196~1' 
-- Equation name is '~196~1', location is LC7_A2, type is buried.
-- synthesized logic cell 
_LC7_A2  = LCELL( _EQ007);
  _EQ007 = !A1 &  A2;

-- Node name is '~196~2' 
-- Equation name is '~196~2', location is LC2_B3, type is buried.
-- synthesized logic cell 
_LC2_B3  = LCELL( _EQ008);
  _EQ008 = !E0 & !E1 & !E3;

-- Node name is '~196~3' 
-- Equation name is '~196~3', location is LC5_B1, type is buried.
-- synthesized logic cell 
_LC5_B1  = LCELL( _EQ009);
  _EQ009 = !A2 &  E2 & !E4 & !E5;

-- Node name is '~196~4' 
-- Equation name is '~196~4', location is LC3_B1, type is buried.
-- synthesized logic cell 
_LC3_B1  = LCELL( _EQ010);
  _EQ010 =  _LC2_B3 &  _LC5_B1
         #  A0;

-- Node name is '~196~5' 
-- Equation name is '~196~5', location is LC7_B9, type is buried.
-- synthesized logic cell 
_LC7_B9  = LCELL( _EQ011);
  _EQ011 = !E0 &  E3 &  _LC1_B3
         #  A1;

-- Node name is ':196' 
-- Equation name is '_LC2_B9', type is buried 
_LC2_B9  = LCELL( _EQ012);
  _EQ012 = !A3 &  _LC3_B1 &  _LC7_B9
         # !A3 &  _LC7_A2;

-- Node name is '~297~1' 
-- Equation name is '~297~1', location is LC4_B9, type is buried.
-- synthesized logic cell 
_LC4_B9  = LCELL( _EQ013);
  _EQ013 =  E0 & !E3 &  _LC1_B3
         # !E0 &  E3 &  _LC1_B3;

-- Node name is '~297~2' 
-- Equation name is '~297~2', location is LC6_B9, type is buried.
-- synthesized logic cell 
_LC6_B9  = LCELL( _EQ014);
  _EQ014 = !A2 &  _LC4_B9
         #  A1;

-- Node name is ':297' 
-- Equation name is '_LC8_B9', type is buried 
_LC8_B9  = LCELL( _EQ015);
  _EQ015 = !A3 &  _LC3_B1 &  _LC6_B9;

-- Node name is '~506~1' 
-- Equation name is '~506~1', location is LC2_B1, type is buried.
-- synthesized logic cell 
_LC2_B1  = LCELL( _EQ016);
  _EQ016 = !E4 & !E5;

-- Node name is '~506~2' 
-- Equation name is '~506~2', location is LC3_B12, type is buried.
-- synthesized logic cell 
_LC3_B12 = LCELL( _EQ017);
  _EQ017 = !E0 &  E1 & !E2 & !E3
         # !E0 & !E1 &  E2 & !E3;

-- Node name is '~506~3' 
-- Equation name is '~506~3', location is LC5_B12, type is buried.
-- synthesized logic cell 
_LC5_B12 = LCELL( _EQ018);
  _EQ018 = !E0 &  E3 & !E4 & !E5
         # !E0 & !E3 &  E4 & !E5
         #  E0 & !E3 & !E4 & !E5;

-- Node name is '~506~4' 
-- Equation name is '~506~4', location is LC6_B12, type is buried.
-- synthesized logic cell 
_LC6_B12 = LCELL( _EQ019);
  _EQ019 = !E1 & !E2 &  _LC5_B12
         #  A1;

-- Node name is '~506~5' 
-- Equation name is '~506~5', location is LC7_B12, type is buried.
-- synthesized logic cell 
_LC7_B12 = LCELL( _EQ020);
  _EQ020 =  _LC2_B1 &  _LC3_B12 &  _LC6_B12
         #  A0 &  _LC6_B12;

-- Node name is '~506~6' 
-- Equation name is '~506~6', location is LC8_B12, type is buried.
-- synthesized logic cell 
_LC8_B12 = LCELL( _EQ021);
  _EQ021 =  _LC7_B12
         #  A0 &  A2
         #  A1 &  A2;

-- Node name is ':506' 
-- Equation name is '_LC4_B12', type is buried 
_LC4_B12 = LCELL( _EQ022);
  _EQ022 = !A3 &  _LC8_B12
         # !A0 & !A3 &  _LC4_A2
         #  A0 &  A3 &  _LC4_A2;

-- Node name is '~523~1' 
-- Equation name is '~523~1', location is LC8_B5, type is buried.
-- synthesized logic cell 
_LC8_B5  = LCELL( _EQ023);
  _EQ023 = !A0 & !A1 & !A2;

-- Node name is ':527' 
-- Equation name is '_LC6_B5', type is buried 
_LC6_B5  = LCELL( _EQ024);
  _EQ024 = !A0 & !A1 & !A2 & !A3
         #  A0 &  A1 & !A3;

-- Node name is ':534' 
-- Equation name is '_LC8_A2', type is buried 
_LC8_A2  = LCELL( _EQ025);
  _EQ025 = !A3 &  _LC7_A2;

-- Node name is ':545' 
-- Equation name is '_LC5_B5', type is buried 
_LC5_B5  = LCELL( _EQ026);
  _EQ026 = !A0 & !A1 & !A2 &  A3;

-- Node name is ':560' 
-- Equation name is '_LC3_A2', type is buried 
_LC3_A2  = LCELL( _EQ027);
  _EQ027 =  A0 &  A1 & !A3
         # !A3 &  _LC7_A2;

-- Node name is '~643~1' 
-- Equation name is '~643~1', location is LC1_B12, type is buried.
-- synthesized logic cell 
_LC1_B12 = LCELL( _EQ028);
  _EQ028 =  _LC2_B1 &  _LC3_B12
         #  A2;

-- Node name is ':643' 
-- Equation name is '_LC4_B5', type is buried 
_LC4_B5  = LCELL( _EQ029);
  _EQ029 =  A1 & !A3 &  _LC1_B12
         #  A3 &  _LC8_B5;

-- Node name is ':666' 
-- Equation name is '_LC7_B5', type is buried 
_LC7_B5  = LCELL( _EQ030);
  _EQ030 =  A0 &  A1 & !A3
         #  A2 & !A3;

-- Node name is ':679' 
-- Equation name is '_LC2_A2', type is buried 
_LC2_A2  = LCELL( _EQ031);
  _EQ031 = !A0 & !A3 &  _LC4_A2;

-- Node name is '~868~1' 
-- Equation name is '~868~1', location is LC5_B3, type is buried.
-- synthesized logic cell 
_LC5_B3  = LCELL( _EQ032);
  _EQ032 = !E0 &  _LC3_B3
         # !E0 &  E3 &  _LC4_B3
         #  E0 & !E3 &  _LC4_B3;

-- Node name is '~868~2' 
-- Equation name is '~868~2', location is LC6_B3, type is buried.
-- synthesized logic cell 
_LC6_B3  = LCELL( _EQ033);
  _EQ033 = !A3 &  _LC2_B1 &  _LC5_B3;

-- Node name is ':868' 
-- Equation name is '_LC8_B3', type is buried 
_LC8_B3  = LCELL( _EQ034);
  _EQ034 = !A1 & !A2 &  _LC1_B1
         # !A2 &  _LC6_B3;

-- Node name is '~1009~1' 
-- Equation name is '~1009~1', location is LC3_B9, type is buried.
-- synthesized logic cell 
_LC3_B9  = LCELL( _EQ035);
  _EQ035 =  _LC1_B1
         # !A0 & !A3;

-- Node name is '~1009~2' 
-- Equation name is '~1009~2', location is LC1_B3, type is buried.
-- synthesized logic cell 
_LC1_B3  = LCELL( _EQ036);
  _EQ036 = !E1 & !E2 &  _LC2_B1;

-- Node name is '~1009~3' 
-- Equation name is '~1009~3', location is LC5_B9, type is buried.
-- synthesized logic cell 
_LC5_B9  = LCELL( _EQ037);
  _EQ037 =  A0 & !A3 &  _LC4_B9;

-- Node name is ':1009' 
-- Equation name is '_LC1_B9', type is buried 
_LC1_B9  = LCELL( _EQ038);
  _EQ038 = !A1 & !A2 &  _LC3_B9
         # !A2 &  _LC5_B9;

-- Node name is ':1021' 
-- Equation name is '_LC2_B5', type is buried 
_LC2_B5  = LCELL( _EQ039);
  _EQ039 =  A3 &  _LC8_B5;

-- Node name is ':1046' 
-- Equation name is '_LC1_A2', type is buried 
_LC1_A2  = LCELL( _EQ040);
  _EQ040 = !A0 & !A3 &  _LC4_A2
         #  A0 &  A3 &  _LC4_A2;

-- Node name is ':1055' 
-- Equation name is '_LC6_A2', type is buried 
_LC6_A2  = LCELL( _EQ041);
  _EQ041 =  A0 &  A3 &  _LC4_A2;

-- Node name is ':1066' 
-- Equation name is '_LC1_B5', type is buried 
_LC1_B5  = LCELL( _EQ042);
  _EQ042 =  A3 &  _LC8_B5;

-- Node name is ':1071' 
-- Equation name is '_LC2_B12', type is buried 
_LC2_B12 = LCELL( _EQ043);
  _EQ043 =  A0 &  A1 & !A3;

-- Node name is ':1078' 
-- Equation name is '_LC5_A2', type is buried 
_LC5_A2  = LCELL( _EQ044);
  _EQ044 = !A3 &  _LC7_A2;



Project Information            c:\users\felipe\desktop\ap14\max\maqestados.rpt

** COMPILATION SETTINGS & TIMES **

Processing Menu Commands
------------------------

Design Doctor                             = off

Logic Synthesis:

   Synthesis Type Used                    = Multi-Level

   Default Synthesis Style                = NORMAL

      Logic option settings in 'NORMAL' style for 'FLEX10K' family

      CARRY_CHAIN                         = ignore
      CARRY_CHAIN_LENGTH                  = 32
      CASCADE_CHAIN                       = ignore
      CASCADE_CHAIN_LENGTH                = 2
      DECOMPOSE_GATES                     = on
      DUPLICATE_LOGIC_EXTRACTION          = on
      MINIMIZATION                        = full
      MULTI_LEVEL_FACTORING               = on
      NOT_GATE_PUSH_BACK                  = on
      REDUCE_LOGIC                        = on
      REFACTORIZATION                     = on
      REGISTER_OPTIMIZATION               = on
      RESYNTHESIZE_NETWORK                = on
      SLOW_SLEW_RATE                      = off
      SUBFACTOR_EXTRACTION                = on
      IGNORE_SOFT_BUFFERS                 = on
      USE_LPM_FOR_AHDL_OPERATORS          = off

   Other logic synthesis settings:

      Automatic Global Clock              = on
      Automatic Global Clear              = on
      Automatic Global Preset             = on
      Automatic Global Output Enable      = on
      Automatic Fast I/O                  = off
      Automatic Register Packing          = off
      Automatic Open-Drain Pins           = on
      Automatic Implement in EAB          = off
      Optimize                            = 5

Default Timing Specifications: None

Cut All Bidir Feedback Timing Paths       = on
Cut All Clear & Preset Timing Paths       = on

Ignore Timing Assignments                 = off

Functional SNF Extractor                  = off

Linked SNF Extractor                      = off
Timing SNF Extractor                      = on
Optimize Timing SNF                       = off
Generate AHDL TDO File                    = off
Fitter Settings                           = NORMAL
Use Quartus Fitter                        = on
Smart Recompile                           = off
Total Recompile                           = off

Interfaces Menu Commands
------------------------

EDIF Netlist Writer                       = off
Verilog Netlist Writer                    = off
VHDL Netlist Writer                       = off

Compilation Times
-----------------

   Compiler Netlist Extractor             00:00:00
   Database Builder                       00:00:00
   Logic Synthesizer                      00:00:00
   Partitioner                            00:00:00
   Fitter                                 00:00:00
   Timing SNF Extractor                   00:00:00
   Assembler                              00:00:00
   --------------------------             --------
   Total Time                             00:00:00


Memory Allocated
-----------------

Peak memory allocated during compilation  = 11,013K
