Project Information          c:\users\felipe\desktop\ap14\max\mipscontrole.rpt

MAX+plus II Compiler Report File
Version 10.2 07/10/2002
Compiled: 11/23/2010 09:22:25

Copyright (C) 1988-2002 Altera Corporation
Any megafunction design, and related net list (encrypted or decrypted),
support information, device programming or simulation file, and any other
associated documentation or information provided by Altera or a partner
under Altera's Megafunction Partnership Program may be used only to
program PLD devices (but not masked PLD devices) from Altera.  Any other
use of such megafunction design, net list, support information, device
programming or simulation file, or any other related documentation or
information is prohibited for any other purpose, including, but not
limited to modification, reverse engineering, de-compiling, or use with
any other silicon devices, unless such use is explicitly licensed under
a separate agreement with Altera or a megafunction partner.  Title to
the intellectual property, including patents, copyrights, trademarks,
trade secrets, or maskworks, embodied in any such megafunction design,
net list, support information, device programming or simulation file, or
any other related documentation or information provided by Altera or a
megafunction partner, remains with Altera, the megafunction partner, or
their respective licensors.  No other licenses, including any licenses
needed under any third party's intellectual property, are provided herein.



***** Project compilation was successful




** DEVICE SUMMARY **

Chip/                     Input Output Bidir  Memory  Memory  			 LCs
POF       Device          Pins  Pins   Pins   Bits % Utilized  LCs  % Utilized

mipscontrole
      EPF10K10LC84-3       8      20     0    0         0  %    49       8  %

User Pins:                 8      20     0  



Project Information          c:\users\felipe\desktop\ap14\max\mipscontrole.rpt

** FILE HIERARCHY **



|fft_4:1|
|maqestados:2|


Device-Specific Information: c:\users\felipe\desktop\ap14\max\mipscontrole.rpt
mipscontrole

***** Logic for device 'mipscontrole' compiled without errors.




Device: EPF10K10LC84-3

FLEX 10K Configuration Scheme: Passive Serial

Device Options:
    User-Supplied Start-Up Clock               = OFF
    Auto-Restart Configuration on Frame Error  = OFF
    Release Clears Before Tri-States           = OFF
    Enable Chip_Wide Reset                     = OFF
    Enable Chip-Wide Output Enable             = OFF
    Enable INIT_DONE Output                    = OFF
    JTAG User Code                             = 7f

                                                                         ^     
                                                                         C     
                R  R  R  R  R  R  R     R                                O     
                E  E  E  E  E  E  E     E                                N     
                S  S  S  S  S  S  S  V  S              G                 F     
                E  E  E  E  E  E  E  C  E              N                 _  ^  
                R  R  R  R  R  R  R  C  R              D              #  D  n  
                V  V  V  V  V  V  V  I  V  C  C        I     S        T  O  C  
                E  E  E  E  E  E  E  N  E  L  L  E  S  N  A  1  A  A  C  N  E  
                D  D  D  D  D  D  D  T  D  R  K  5  8  T  3  3  1  0  K  E  O  
              -----------------------------------------------------------------_ 
            /  11 10  9  8  7  6  5  4  3  2  1 84 83 82 81 80 79 78 77 76 75   | 
    ^DATA0 | 12                                                              74 | #TDO 
     ^DCLK | 13                                                              73 | RESERVED 
      ^nCE | 14                                                              72 | RESERVED 
      #TDI | 15                                                              71 | RESERVED 
  RESERVED | 16                                                              70 | RESERVED 
  RESERVED | 17                                                              69 | RESERVED 
  RESERVED | 18                                                              68 | GNDINT 
  RESERVED | 19                                                              67 | S7 
    VCCINT | 20                                                              66 | S10 
        E1 | 21                                                              65 | S12 
        E2 | 22                        EPF10K10LC84-3                        64 | S9 
       S15 | 23                                                              63 | VCCINT 
        S3 | 24                                                              62 | S1 
        S4 | 25                                                              61 | S5 
    GNDINT | 26                                                              60 | S14 
  RESERVED | 27                                                              59 | S11 
  RESERVED | 28                                                              58 | RESERVED 
  RESERVED | 29                                                              57 | #TMS 
        S0 | 30                                                              56 | #TRST 
    ^MSEL0 | 31                                                              55 | ^nSTATUS 
    ^MSEL1 | 32                                                              54 | RESERVED 
           |_  33 34 35 36 37 38 39 40 41 42 43 44 45 46 47 48 49 50 51 52 53  _| 
             ------------------------------------------------------------------ 
                V  ^  R  R  R  R  R  V  G  E  E  E  V  G  S  R  R  S  R  A  R  
                C  n  E  E  E  E  E  C  N  0  4  3  C  N  2  E  E  6  E  2  E  
                C  C  S  S  S  S  S  C  D           C  D     S  S     S     S  
                I  O  E  E  E  E  E  I  I           I  I     E  E     E     E  
                N  N  R  R  R  R  R  N  N           N  N     R  R     R     R  
                T  F  V  V  V  V  V  T  T           T  T     V  V     V     V  
                   I  E  E  E  E  E                          E  E     E     E  
                   G  D  D  D  D  D                          D  D     D     D  
                                                                               
                                                                               


N.C. = No Connect. This pin has no internal connection to the device.
VCCINT = Dedicated power pin, which MUST be connected to VCC (5.0 volts).
VCCIO = Dedicated power pin, which MUST be connected to VCC (5.0 volts).
GNDINT = Dedicated ground pin or unused dedicated input, which MUST be connected to GND.
GNDIO = Dedicated ground pin, which MUST be connected to GND.
RESERVED = Unused I/O pin, which MUST be left unconnected.

^ = Dedicated configuration pin.
+ = Reserved configuration pin, which is tri-stated during user mode.
* = Reserved configuration pin, which drives out in user mode.
PDn = Power Down pin. 
@ = Special-purpose pin. 
# = JTAG Boundary-Scan Testing/In-System Programming or Configuration Pin. The JTAG inputs TMS and TDI should be tied to VCC and TCK should be tied to GND when not in use.
& = JTAG pin used for I/O. When used as user I/O, JTAG pins must be kept stable before and during configuration.  JTAG pin stability prevents accidental loading of JTAG instructions.


Device-Specific Information: c:\users\felipe\desktop\ap14\max\mipscontrole.rpt
mipscontrole

** RESOURCE USAGE **

Logic                Column       Row                                   
Array                Interconnect Interconnect         Clears/     External  
Block   Logic Cells  Driven       Driven       Clocks  Presets   Interconnect
B13      8/ 8(100%)   1/ 8( 12%)   1/ 8( 12%)    0/2    0/2      11/22( 50%)   
B17      1/ 8( 12%)   0/ 8(  0%)   1/ 8( 12%)    0/2    0/2       2/22(  9%)   
B19      8/ 8(100%)   1/ 8( 12%)   2/ 8( 25%)    1/2    1/2      12/22( 54%)   
B21      8/ 8(100%)   2/ 8( 25%)   7/ 8( 87%)    1/2    1/2       9/22( 40%)   
B23      8/ 8(100%)   1/ 8( 12%)   3/ 8( 37%)    1/2    1/2      10/22( 45%)   
B24      8/ 8(100%)   2/ 8( 25%)   7/ 8( 87%)    1/2    1/2       4/22( 18%)   
C13      8/ 8(100%)   1/ 8( 12%)   5/ 8( 62%)    0/2    0/2       7/22( 31%)   


Embedded             Column       Row                                   
Array     Embedded   Interconnect Interconnect         Read/      External  
Block     Cells      Driven       Driven       Clocks  Write    Interconnect


Total dedicated input pins used:                 6/6      (100%)
Total I/O pins used:                            22/53     ( 41%)
Total logic cells used:                         49/576    (  8%)
Total embedded cells used:                       0/24     (  0%)
Total EABs used:                                 0/3      (  0%)
Average fan-in:                                 3.42/4    ( 85%)
Total fan-in:                                 168/2304    (  7%)

Total input pins required:                       8
Total input I/O cell registers required:         0
Total output pins required:                     20
Total output I/O cell registers required:        0
Total buried I/O cell registers required:        0
Total bidirectional pins required:               0
Total reserved pins required                     0
Total logic cells required:                     49
Total flipflops required:                        4
Total packed registers required:                 0
Total logic cells in carry chains:               0
Total number of carry chains:                    0
Total logic cells in cascade chains:             0
Total number of cascade chains:                  0
Total single-pin Clock Enables required:         0
Total single-pin Output Enables required:        0

Synthesized logic cells:                        30/ 576   (  5%)

Logic Cell and Embedded Cell Counts

Column:  01  02  03  04  05  06  07  08  09  10  11  12  EA  13  14  15  16  17  18  19  20  21  22  23  24  Total(LC/EC)
 A:      0   0   0   0   0   0   0   0   0   0   0   0   0   0   0   0   0   0   0   0   0   0   0   0   0      0/0  
 B:      0   0   0   0   0   0   0   0   0   0   0   0   0   8   0   0   0   1   0   8   0   8   0   8   8     41/0  
 C:      0   0   0   0   0   0   0   0   0   0   0   0   0   8   0   0   0   0   0   0   0   0   0   0   0      8/0  

Total:   0   0   0   0   0   0   0   0   0   0   0   0   0  16   0   0   0   1   0   8   0   8   0   8   8     49/0  



Device-Specific Information: c:\users\felipe\desktop\ap14\max\mipscontrole.rpt
mipscontrole

** INPUTS **

                                                    Fan-In    Fan-Out
 Pin     LC     EC   Row  Col  Primitive    Code      INP  FBK  OUT  FBK  Name
   1      -     -    -    --      INPUT  G             0    0    0    0  CLK
   2      -     -    -    --      INPUT  G             0    0    0    0  CLR
  42      -     -    -    --      INPUT                0    0    0    9  E0
  21      -     -    B    --      INPUT                0    0    0    5  E1
  22      -     -    B    --      INPUT                0    0    0    6  E2
  44      -     -    -    --      INPUT                0    0    0   10  E3
  43      -     -    -    --      INPUT                0    0    0    8  E4
  84      -     -    -    --      INPUT                0    0    0    8  E5


Code:

s = Synthesized pin or logic cell
+ = Synchronous flipflop
/ = Slow slew-rate output
! = NOT gate push-back
r = Fitter-inserted logic cell
@ = Uses single-pin Clock Enable
& = Uses single-pin Output Enable
G = Global Source. Fan-out destinations counted here do not include destinations
that are driven using global routing resources. Refer to the Auto Global Signals,
Clock Signals, Clear Signals, Synchronous Load Signals, and Synchronous Clear Signals
Sections of this Report File for information on which signals' fan-outs are used as
Clock, Clear, Preset, Output Enable, and synchronous Load signals.


Device-Specific Information: c:\users\felipe\desktop\ap14\max\mipscontrole.rpt
mipscontrole

** OUTPUTS **

       Fed By Fed By                                Fan-In    Fan-Out
 Pin     LC     EC   Row  Col  Primitive    Code      INP  FBK  OUT  FBK  Name
  78      -     -    -    24     OUTPUT                0    1    0    0  A0
  79      -     -    -    24     OUTPUT                0    1    0    0  A1
  52      -     -    -    19     OUTPUT                0    1    0    0  A2
  81      -     -    -    22     OUTPUT                0    1    0    0  A3
  30      -     -    C    --     OUTPUT                0    1    0    0  S0
  62      -     -    C    --     OUTPUT                0    1    0    0  S1
  47      -     -    -    14     OUTPUT                0    1    0    0  S2
  24      -     -    B    --     OUTPUT                0    1    0    0  S3
  25      -     -    B    --     OUTPUT                0    1    0    0  S4
  61      -     -    C    --     OUTPUT                0    1    0    0  S5
  50      -     -    -    17     OUTPUT                0    0    0    0  S6
  67      -     -    B    --     OUTPUT                0    1    0    0  S7
  83      -     -    -    13     OUTPUT                0    1    0    0  S8
  64      -     -    B    --     OUTPUT                0    1    0    0  S9
  66      -     -    B    --     OUTPUT                0    1    0    0  S10
  59      -     -    C    --     OUTPUT                0    1    0    0  S11
  65      -     -    B    --     OUTPUT                0    1    0    0  S12
  80      -     -    -    23     OUTPUT                0    1    0    0  S13
  60      -     -    C    --     OUTPUT                0    1    0    0  S14
  23      -     -    B    --     OUTPUT                0    1    0    0  S15


Code:

s = Synthesized pin or logic cell
+ = Synchronous flipflop
/ = Slow slew-rate output
! = NOT gate push-back
r = Fitter-inserted logic cell
@ = Uses single-pin Clock Enable
& = Uses single-pin Output Enable


Device-Specific Information: c:\users\felipe\desktop\ap14\max\mipscontrole.rpt
mipscontrole

** BURIED LOGIC **

                                                    Fan-In    Fan-Out
 IOC     LC     EC   Row  Col  Primitive    Code      INP  FBK  OUT  FBK  Name
   -      4     -    B    21       DFFE   +            0    3    1   20  |fft_4:1|A3 (|fft_4:1|:2)
   -      7     -    B    21        OR2    s           4    0    0    3  |fft_4:1|A2~1 (|fft_4:1|~6~1)
   -      6     -    B    13       AND2    s           0    3    0    1  |fft_4:1|A2~2 (|fft_4:1|~6~2)
   -      1     -    B    19       DFFE   +            0    3    1   16  |fft_4:1|A2 (|fft_4:1|:6)
   -      2     -    B    23       DFFE   +            0    3    1   16  |fft_4:1|A0 (|fft_4:1|:7)
   -      1     -    B    24       DFFE   +            0    3    1   21  |fft_4:1|A1 (|fft_4:1|:8)
   -      8     -    B    21        OR2    s           2    1    0    1  |MAQESTADOS:2|~117~1
   -      4     -    B    19       AND2    s           2    1    0    2  |MAQESTADOS:2|~196~1
   -      5     -    B    19       AND2    s           4    0    0    1  |MAQESTADOS:2|~196~2
   -      3     -    B    21       AND2    s           3    0    0    2  |MAQESTADOS:2|~196~3
   -      6     -    B    19        OR2    s           1    3    0    1  |MAQESTADOS:2|~196~4
   -      7     -    B    19        OR2    s           0    4    0    1  |MAQESTADOS:2|~196~5
   -      2     -    B    19       AND2    s           1    1    0    1  |MAQESTADOS:2|~261~1
   -      1     -    B    21       AND2    s           1    1    0    2  |MAQESTADOS:2|~276~1
   -      3     -    B    19        OR2    s           2    2    0    1  |MAQESTADOS:2|~297~1
   -      8     -    B    19       AND2    s           1    2    0    1  |MAQESTADOS:2|~297~2
   -      1     -    B    23        OR2    s           2    2    0    1  |MAQESTADOS:2|~506~1
   -      3     -    B    23        OR2    s           4    0    0    1  |MAQESTADOS:2|~506~2
   -      2     -    B    21       AND2    s           2    0    0    2  |MAQESTADOS:2|~506~3
   -      4     -    B    23        OR2    s           0    4    0    1  |MAQESTADOS:2|~506~4
   -      7     -    B    23        OR2    s           0    4    0    1  |MAQESTADOS:2|~506~5
   -      8     -    B    23       AND2    s           3    0    0    1  |MAQESTADOS:2|~506~6
   -      6     -    C    13       AND2    s           0    3    0    3  |MAQESTADOS:2|~523~1
   -      4     -    B    24        OR2                0    4    1    0  |MAQESTADOS:2|:527
   -      4     -    C    13       AND2                0    3    1    0  |MAQESTADOS:2|:534
   -      3     -    B    24       AND2                0    4    1    0  |MAQESTADOS:2|:545
   -      5     -    B    24        OR2                0    4    1    0  |MAQESTADOS:2|:560
   -      8     -    C    13        OR2    s           2    2    0    1  |MAQESTADOS:2|~643~1
   -      5     -    C    13        OR2                0    4    1    0  |MAQESTADOS:2|:643
   -      2     -    B    24        OR2                0    4    1    0  |MAQESTADOS:2|:666
   -      7     -    B    24       AND2                0    4    1    0  |MAQESTADOS:2|:679
   -      5     -    B    21       AND2    s           2    1    0    4  |MAQESTADOS:2|~851~1
   -      6     -    B    21        OR2    s           2    1    0    2  |MAQESTADOS:2|~868~1
   -      7     -    B    13        OR2    s           1    3    0    1  |MAQESTADOS:2|~868~2
   -      8     -    B    13        OR2    s           1    3    0    1  |MAQESTADOS:2|~868~3
   -      2     -    B    13        OR2                0    4    1    0  |MAQESTADOS:2|:868
   -      6     -    B    23       AND2    s           1    2    0    2  |MAQESTADOS:2|~984~1
   -      5     -    B    23       AND2    s           3    1    0    2  |MAQESTADOS:2|~1000~1
   -      3     -    B    13       AND2    s           0    3    0    1  |MAQESTADOS:2|~1008~1
   -      4     -    B    13        OR2    s           1    2    0    1  |MAQESTADOS:2|~1009~1
   -      5     -    B    13        OR2    s           1    2    0    1  |MAQESTADOS:2|~1009~2
   -      1     -    B    13        OR2                0    4    1    0  |MAQESTADOS:2|:1009
   -      3     -    C    13       AND2                0    2    1    0  |MAQESTADOS:2|:1021
   -      8     -    B    24        OR2                0    4    1    0  |MAQESTADOS:2|:1046
   -      1     -    B    17       AND2    s           0    2    0    2  |MAQESTADOS:2|~1055~1
   -      6     -    B    24       AND2                0    4    1    0  |MAQESTADOS:2|:1055
   -      2     -    C    13       AND2                0    2    1    0  |MAQESTADOS:2|:1066
   -      1     -    C    13       AND2                0    3    1    0  |MAQESTADOS:2|:1071
   -      7     -    C    13       AND2                0    3    1    0  |MAQESTADOS:2|:1078


Code:

s = Synthesized pin or logic cell
+ = Synchronous flipflop
/ = Slow slew-rate output
! = NOT gate push-back
r = Fitter-inserted logic cell
p = Packed register


Device-Specific Information: c:\users\felipe\desktop\ap14\max\mipscontrole.rpt
mipscontrole

** FASTTRACK INTERCONNECT UTILIZATION **

Row FastTrack Interconnect:

          Global         Left Half-      Right Half-
         FastTrack       FastTrack       FastTrack 
Row     Interconnect    Interconnect    Interconnect    Input Pins     Output Pins     Bidir Pins
A:       0/ 96(  0%)     0/ 48(  0%)     0/ 48(  0%)    0/16(  0%)      0/16(  0%)     0/16(  0%)
B:      11/ 96( 11%)     0/ 48(  0%)    14/ 48( 29%)    2/16( 12%)      7/16( 43%)     0/16(  0%)
C:       2/ 96(  2%)     0/ 48(  0%)     8/ 48( 16%)    0/16(  0%)      5/16( 31%)     0/16(  0%)


Column FastTrack Interconnect:

         FastTrack                                 
Column  Interconnect    Input Pins     Output Pins     Bidir Pins
01:      0/24(  0%)     0/4(  0%)      0/4(  0%)       0/4(  0%)
02:      0/24(  0%)     0/4(  0%)      0/4(  0%)       0/4(  0%)
03:      0/24(  0%)     0/4(  0%)      0/4(  0%)       0/4(  0%)
04:      0/24(  0%)     0/4(  0%)      0/4(  0%)       0/4(  0%)
05:      0/24(  0%)     0/4(  0%)      0/4(  0%)       0/4(  0%)
06:      0/24(  0%)     0/4(  0%)      0/4(  0%)       0/4(  0%)
07:      0/24(  0%)     0/4(  0%)      0/4(  0%)       0/4(  0%)
08:      0/24(  0%)     0/4(  0%)      0/4(  0%)       0/4(  0%)
09:      0/24(  0%)     0/4(  0%)      0/4(  0%)       0/4(  0%)
10:      0/24(  0%)     0/4(  0%)      0/4(  0%)       0/4(  0%)
11:      0/24(  0%)     0/4(  0%)      0/4(  0%)       0/4(  0%)
12:      0/24(  0%)     0/4(  0%)      0/4(  0%)       0/4(  0%)
13:      1/24(  4%)     0/4(  0%)      1/4( 25%)       0/4(  0%)
14:      1/24(  4%)     0/4(  0%)      1/4( 25%)       0/4(  0%)
15:      0/24(  0%)     0/4(  0%)      0/4(  0%)       0/4(  0%)
16:      0/24(  0%)     0/4(  0%)      0/4(  0%)       0/4(  0%)
17:      0/24(  0%)     0/4(  0%)      1/4( 25%)       0/4(  0%)
18:      0/24(  0%)     0/4(  0%)      0/4(  0%)       0/4(  0%)
19:      1/24(  4%)     0/4(  0%)      1/4( 25%)       0/4(  0%)
20:      0/24(  0%)     0/4(  0%)      0/4(  0%)       0/4(  0%)
21:      1/24(  4%)     0/4(  0%)      0/4(  0%)       0/4(  0%)
22:      1/24(  4%)     0/4(  0%)      1/4( 25%)       0/4(  0%)
23:      1/24(  4%)     0/4(  0%)      1/4( 25%)       0/4(  0%)
24:      2/24(  8%)     0/4(  0%)      2/4( 50%)       0/4(  0%)
EA:      0/24(  0%)     0/4(  0%)      0/4(  0%)       0/4(  0%)


Device-Specific Information: c:\users\felipe\desktop\ap14\max\mipscontrole.rpt
mipscontrole

** CLOCK SIGNALS **

Type     Fan-out       Name
INPUT        4         CLK


Device-Specific Information: c:\users\felipe\desktop\ap14\max\mipscontrole.rpt
mipscontrole

** CLEAR SIGNALS **

Type     Fan-out       Name
INPUT        4         CLR


Device-Specific Information: c:\users\felipe\desktop\ap14\max\mipscontrole.rpt
mipscontrole

** EQUATIONS **

CLK      : INPUT;
CLR      : INPUT;
E0       : INPUT;
E1       : INPUT;
E2       : INPUT;
E3       : INPUT;
E4       : INPUT;
E5       : INPUT;

-- Node name is 'A0' 
-- Equation name is 'A0', type is output 
A0       =  _LC2_B23;

-- Node name is 'A1' 
-- Equation name is 'A1', type is output 
A1       =  _LC1_B24;

-- Node name is 'A2' 
-- Equation name is 'A2', type is output 
A2       =  _LC1_B19;

-- Node name is 'A3' 
-- Equation name is 'A3', type is output 
A3       =  _LC4_B21;

-- Node name is 'S0' 
-- Equation name is 'S0', type is output 
S0       =  _LC7_C13;

-- Node name is 'S1' 
-- Equation name is 'S1', type is output 
S1       =  _LC1_C13;

-- Node name is 'S2' 
-- Equation name is 'S2', type is output 
S2       =  _LC2_C13;

-- Node name is 'S3' 
-- Equation name is 'S3', type is output 
S3       =  _LC6_B24;

-- Node name is 'S4' 
-- Equation name is 'S4', type is output 
S4       =  _LC8_B24;

-- Node name is 'S5' 
-- Equation name is 'S5', type is output 
S5       =  _LC3_C13;

-- Node name is 'S6' 
-- Equation name is 'S6', type is output 
S6       =  GND;

-- Node name is 'S7' 
-- Equation name is 'S7', type is output 
S7       =  _LC1_B13;

-- Node name is 'S8' 
-- Equation name is 'S8', type is output 
S8       =  _LC2_B13;

-- Node name is 'S9' 
-- Equation name is 'S9', type is output 
S9       =  _LC7_B24;

-- Node name is 'S10' 
-- Equation name is 'S10', type is output 
S10      =  _LC2_B24;

-- Node name is 'S11' 
-- Equation name is 'S11', type is output 
S11      =  _LC5_C13;

-- Node name is 'S12' 
-- Equation name is 'S12', type is output 
S12      =  _LC5_B24;

-- Node name is 'S13' 
-- Equation name is 'S13', type is output 
S13      =  _LC3_B24;

-- Node name is 'S14' 
-- Equation name is 'S14', type is output 
S14      =  _LC4_C13;

-- Node name is 'S15' 
-- Equation name is 'S15', type is output 
S15      =  _LC4_B24;

-- Node name is '|fft_4:1|:7' = '|fft_4:1|A0' 
-- Equation name is '_LC2_B23', type is buried 
_LC2_B23 = DFFE( _EQ001, GLOBAL( CLK), GLOBAL( CLR),  VCC,  VCC);
  _EQ001 =  _LC2_B23 & !_LC4_B21 & !_LC7_B23
         # !_LC1_B17 &  _LC2_B23 &  _LC4_B21
         # !_LC1_B17 &  _LC2_B23 & !_LC7_B23
         #  _LC1_B17 & !_LC2_B23 & !_LC4_B21
         # !_LC2_B23 & !_LC4_B21 &  _LC7_B23;

-- Node name is '|fft_4:1|:8' = '|fft_4:1|A1' 
-- Equation name is '_LC1_B24', type is buried 
_LC1_B24 = DFFE( _EQ002, GLOBAL( CLK), GLOBAL( CLR),  VCC,  VCC);
  _EQ002 =  _LC1_B24 &  _LC4_B21
         #  _LC1_B24 & !_LC2_B23 & !_LC8_B19
         # !_LC1_B24 & !_LC4_B21 &  _LC8_B19;

-- Node name is '|fft_4:1|~6~1' = '|fft_4:1|A2~1' 
-- Equation name is '_LC7_B21', type is buried 
-- synthesized logic cell 
_LC7_B21 = LCELL( _EQ003);
  _EQ003 =  E1 & !E2 & !E4 & !E5
         # !E1 &  E2 & !E4 & !E5;

-- Node name is '|fft_4:1|~6~2' = '|fft_4:1|A2~2' 
-- Equation name is '_LC6_B13', type is buried 
-- synthesized logic cell 
_LC6_B13 = LCELL( _EQ004);
  _EQ004 =  _LC1_B24 & !_LC4_B21 &  _LC7_B21;

-- Node name is '|fft_4:1|:6' = '|fft_4:1|A2' 
-- Equation name is '_LC1_B19', type is buried 
_LC1_B19 = DFFE( _EQ005, GLOBAL( CLK), GLOBAL( CLR),  VCC,  VCC);
  _EQ005 =  _LC1_B19 &  _LC4_B21
         #  _LC1_B19 &  _LC1_B24 & !_LC7_B19
         # !_LC1_B19 & !_LC4_B21 &  _LC7_B19;

-- Node name is '|fft_4:1|:2' = '|fft_4:1|A3' 
-- Equation name is '_LC4_B21', type is buried 
_LC4_B21 = DFFE( _EQ006, GLOBAL( CLK), GLOBAL( CLR),  VCC,  VCC);
  _EQ006 = !_LC1_B17 &  _LC4_B21
         #  _LC1_B17 &  _LC1_B21 & !_LC4_B21 &  _LC8_B21;

-- Node name is '|MAQESTADOS:2|~117~1' 
-- Equation name is '_LC8_B21', type is buried 
-- synthesized logic cell 
_LC8_B21 = LCELL( _EQ007);
  _EQ007 =  E4 & !E5 &  _LC3_B21
         # !E4 &  E5 &  _LC3_B21;

-- Node name is '|MAQESTADOS:2|~196~1' 
-- Equation name is '_LC4_B19', type is buried 
-- synthesized logic cell 
_LC4_B19 = LCELL( _EQ008);
  _EQ008 = !E4 & !E5 & !_LC1_B19;

-- Node name is '|MAQESTADOS:2|~196~2' 
-- Equation name is '_LC5_B19', type is buried 
-- synthesized logic cell 
_LC5_B19 = LCELL( _EQ009);
  _EQ009 = !E0 &  E3 & !E4 & !E5;

-- Node name is '|MAQESTADOS:2|~196~3' 
-- Equation name is '_LC3_B21', type is buried 
-- synthesized logic cell 
_LC3_B21 = LCELL( _EQ010);
  _EQ010 = !E0 & !E1 & !E3;

-- Node name is '|MAQESTADOS:2|~196~4' 
-- Equation name is '_LC6_B19', type is buried 
-- synthesized logic cell 
_LC6_B19 = LCELL( _EQ011);
  _EQ011 =  E2 &  _LC3_B21 &  _LC4_B19
         #  _LC2_B23;

-- Node name is '|MAQESTADOS:2|~196~5' 
-- Equation name is '_LC7_B19', type is buried 
-- synthesized logic cell 
_LC7_B19 = LCELL( _EQ012);
  _EQ012 =  _LC2_B21 &  _LC5_B19 &  _LC6_B19
         #  _LC1_B24 &  _LC6_B19;

-- Node name is '|MAQESTADOS:2|~261~1' 
-- Equation name is '_LC2_B19', type is buried 
-- synthesized logic cell 
_LC2_B19 = LCELL( _EQ013);
  _EQ013 =  E2 &  _LC1_B24;

-- Node name is '|MAQESTADOS:2|~276~1' 
-- Equation name is '_LC1_B21', type is buried 
-- synthesized logic cell 
_LC1_B21 = LCELL( _EQ014);
  _EQ014 = !E2 &  _LC2_B23;

-- Node name is '|MAQESTADOS:2|~297~1' 
-- Equation name is '_LC3_B19', type is buried 
-- synthesized logic cell 
_LC3_B19 = LCELL( _EQ015);
  _EQ015 =  E0 & !E3 &  _LC1_B21
         # !E0 & !E3 &  _LC2_B19
         # !E0 &  E3 &  _LC1_B21;

-- Node name is '|MAQESTADOS:2|~297~2' 
-- Equation name is '_LC8_B19', type is buried 
-- synthesized logic cell 
_LC8_B19 = LCELL( _EQ016);
  _EQ016 = !E1 &  _LC3_B19 &  _LC4_B19;

-- Node name is '|MAQESTADOS:2|~506~1' 
-- Equation name is '_LC1_B23', type is buried 
-- synthesized logic cell 
_LC1_B23 = LCELL( _EQ017);
  _EQ017 =  _LC2_B23
         # !E0 & !E3 &  _LC7_B21;

-- Node name is '|MAQESTADOS:2|~506~2' 
-- Equation name is '_LC3_B23', type is buried 
-- synthesized logic cell 
_LC3_B23 = LCELL( _EQ018);
  _EQ018 =  E0 & !E3 & !E4 & !E5
         # !E0 & !E3 &  E4 & !E5
         # !E0 &  E3 & !E4 & !E5;

-- Node name is '|MAQESTADOS:2|~506~3' 
-- Equation name is '_LC2_B21', type is buried 
-- synthesized logic cell 
_LC2_B21 = LCELL( _EQ019);
  _EQ019 = !E1 & !E2;

-- Node name is '|MAQESTADOS:2|~506~4' 
-- Equation name is '_LC4_B23', type is buried 
-- synthesized logic cell 
_LC4_B23 = LCELL( _EQ020);
  _EQ020 =  _LC1_B23 &  _LC1_B24
         #  _LC1_B23 &  _LC2_B21 &  _LC3_B23;

-- Node name is '|MAQESTADOS:2|~506~5' 
-- Equation name is '_LC7_B23', type is buried 
-- synthesized logic cell 
_LC7_B23 = LCELL( _EQ021);
  _EQ021 =  _LC1_B19 &  _LC1_B24
         #  _LC1_B19 &  _LC2_B23
         #  _LC4_B23;

-- Node name is '|MAQESTADOS:2|~506~6' 
-- Equation name is '_LC8_B23', type is buried 
-- synthesized logic cell 
_LC8_B23 = LCELL( _EQ022);
  _EQ022 =  E0 & !E3 & !E4;

-- Node name is '|MAQESTADOS:2|~523~1' 
-- Equation name is '_LC6_C13', type is buried 
-- synthesized logic cell 
_LC6_C13 = LCELL( _EQ023);
  _EQ023 = !_LC1_B19 & !_LC1_B24 & !_LC2_B23;

-- Node name is '|MAQESTADOS:2|:527' 
-- Equation name is '_LC4_B24', type is buried 
_LC4_B24 = LCELL( _EQ024);
  _EQ024 =  _LC1_B24 &  _LC2_B23 & !_LC4_B21
         # !_LC1_B19 & !_LC1_B24 & !_LC2_B23 & !_LC4_B21;

-- Node name is '|MAQESTADOS:2|:534' 
-- Equation name is '_LC4_C13', type is buried 
_LC4_C13 = LCELL( _EQ025);
  _EQ025 =  _LC1_B19 & !_LC1_B24 & !_LC4_B21;

-- Node name is '|MAQESTADOS:2|:545' 
-- Equation name is '_LC3_B24', type is buried 
_LC3_B24 = LCELL( _EQ026);
  _EQ026 = !_LC1_B19 & !_LC1_B24 & !_LC2_B23 &  _LC4_B21;

-- Node name is '|MAQESTADOS:2|:560' 
-- Equation name is '_LC5_B24', type is buried 
_LC5_B24 = LCELL( _EQ027);
  _EQ027 =  _LC1_B19 & !_LC1_B24 & !_LC4_B21
         #  _LC1_B24 &  _LC2_B23 & !_LC4_B21;

-- Node name is '|MAQESTADOS:2|~643~1' 
-- Equation name is '_LC8_C13', type is buried 
-- synthesized logic cell 
_LC8_C13 = LCELL( _EQ028);
  _EQ028 = !E0 & !E3 &  _LC7_B21
         #  _LC1_B19;

-- Node name is '|MAQESTADOS:2|:643' 
-- Equation name is '_LC5_C13', type is buried 
_LC5_C13 = LCELL( _EQ029);
  _EQ029 =  _LC4_B21 &  _LC6_C13
         #  _LC1_B24 & !_LC4_B21 &  _LC8_C13;

-- Node name is '|MAQESTADOS:2|:666' 
-- Equation name is '_LC2_B24', type is buried 
_LC2_B24 = LCELL( _EQ030);
  _EQ030 =  _LC1_B24 &  _LC2_B23 & !_LC4_B21
         #  _LC1_B19 & !_LC4_B21;

-- Node name is '|MAQESTADOS:2|:679' 
-- Equation name is '_LC7_B24', type is buried 
_LC7_B24 = LCELL( _EQ031);
  _EQ031 = !_LC1_B19 & !_LC1_B24 & !_LC2_B23 & !_LC4_B21;

-- Node name is '|MAQESTADOS:2|~851~1' 
-- Equation name is '_LC5_B21', type is buried 
-- synthesized logic cell 
_LC5_B21 = LCELL( _EQ032);
  _EQ032 = !E1 & !E2 &  _LC2_B23;

-- Node name is '|MAQESTADOS:2|~868~1' 
-- Equation name is '_LC6_B21', type is buried 
-- synthesized logic cell 
_LC6_B21 = LCELL( _EQ033);
  _EQ033 =  E4 & !E5 & !_LC1_B24
         # !E4 &  E5 & !_LC1_B24;

-- Node name is '|MAQESTADOS:2|~868~2' 
-- Equation name is '_LC7_B13', type is buried 
-- synthesized logic cell 
_LC7_B13 = LCELL( _EQ034);
  _EQ034 = !E3 &  _LC5_B21 &  _LC6_B21
         # !E3 &  _LC6_B13;

-- Node name is '|MAQESTADOS:2|~868~3' 
-- Equation name is '_LC8_B13', type is buried 
-- synthesized logic cell 
_LC8_B13 = LCELL( _EQ035);
  _EQ035 = !E0 &  _LC5_B21 &  _LC5_B23
         # !E0 &  _LC7_B13;

-- Node name is '|MAQESTADOS:2|:868' 
-- Equation name is '_LC2_B13', type is buried 
_LC2_B13 = LCELL( _EQ036);
  _EQ036 = !_LC1_B19 &  _LC8_B13
         # !_LC1_B19 &  _LC5_B21 &  _LC6_B23;

-- Node name is '|MAQESTADOS:2|~984~1' 
-- Equation name is '_LC6_B23', type is buried 
-- synthesized logic cell 
_LC6_B23 = LCELL( _EQ037);
  _EQ037 = !E5 & !_LC4_B21 &  _LC8_B23;

-- Node name is '|MAQESTADOS:2|~1000~1' 
-- Equation name is '_LC5_B23', type is buried 
-- synthesized logic cell 
_LC5_B23 = LCELL( _EQ038);
  _EQ038 =  E3 & !E4 & !E5 & !_LC4_B21;

-- Node name is '|MAQESTADOS:2|~1008~1' 
-- Equation name is '_LC3_B13', type is buried 
-- synthesized logic cell 
_LC3_B13 = LCELL( _EQ039);
  _EQ039 = !_LC1_B24 & !_LC2_B23 & !_LC4_B21;

-- Node name is '|MAQESTADOS:2|~1009~1' 
-- Equation name is '_LC4_B13', type is buried 
-- synthesized logic cell 
_LC4_B13 = LCELL( _EQ040);
  _EQ040 =  _LC5_B23
         # !E3 &  _LC6_B21;

-- Node name is '|MAQESTADOS:2|~1009~2' 
-- Equation name is '_LC5_B13', type is buried 
-- synthesized logic cell 
_LC5_B13 = LCELL( _EQ041);
  _EQ041 =  _LC6_B23
         # !E0 &  _LC4_B13;

-- Node name is '|MAQESTADOS:2|:1009' 
-- Equation name is '_LC1_B13', type is buried 
_LC1_B13 = LCELL( _EQ042);
  _EQ042 = !_LC1_B19 &  _LC3_B13
         # !_LC1_B19 &  _LC5_B13 &  _LC5_B21;

-- Node name is '|MAQESTADOS:2|:1021' 
-- Equation name is '_LC3_C13', type is buried 
_LC3_C13 = LCELL( _EQ043);
  _EQ043 =  _LC4_B21 &  _LC6_C13;

-- Node name is '|MAQESTADOS:2|:1046' 
-- Equation name is '_LC8_B24', type is buried 
_LC8_B24 = LCELL( _EQ044);
  _EQ044 = !_LC1_B19 & !_LC1_B24 &  _LC2_B23 &  _LC4_B21
         # !_LC1_B19 & !_LC1_B24 & !_LC2_B23 & !_LC4_B21;

-- Node name is '|MAQESTADOS:2|~1055~1' 
-- Equation name is '_LC1_B17', type is buried 
-- synthesized logic cell 
_LC1_B17 = LCELL( _EQ045);
  _EQ045 = !_LC1_B19 & !_LC1_B24;

-- Node name is '|MAQESTADOS:2|:1055' 
-- Equation name is '_LC6_B24', type is buried 
_LC6_B24 = LCELL( _EQ046);
  _EQ046 = !_LC1_B19 & !_LC1_B24 &  _LC2_B23 &  _LC4_B21;

-- Node name is '|MAQESTADOS:2|:1066' 
-- Equation name is '_LC2_C13', type is buried 
_LC2_C13 = LCELL( _EQ047);
  _EQ047 =  _LC4_B21 &  _LC6_C13;

-- Node name is '|MAQESTADOS:2|:1071' 
-- Equation name is '_LC1_C13', type is buried 
_LC1_C13 = LCELL( _EQ048);
  _EQ048 =  _LC1_B24 &  _LC2_B23 & !_LC4_B21;

-- Node name is '|MAQESTADOS:2|:1078' 
-- Equation name is '_LC7_C13', type is buried 
_LC7_C13 = LCELL( _EQ049);
  _EQ049 =  _LC1_B19 & !_LC1_B24 & !_LC4_B21;



Project Information          c:\users\felipe\desktop\ap14\max\mipscontrole.rpt

** COMPILATION SETTINGS & TIMES **

Processing Menu Commands
------------------------

Design Doctor                             = off

Logic Synthesis:

   Synthesis Type Used                    = Multi-Level

   Default Synthesis Style                = NORMAL

      Logic option settings in 'NORMAL' style for 'FLEX10K' family

      CARRY_CHAIN                         = ignore
      CARRY_CHAIN_LENGTH                  = 32
      CASCADE_CHAIN                       = ignore
      CASCADE_CHAIN_LENGTH                = 2
      DECOMPOSE_GATES                     = on
      DUPLICATE_LOGIC_EXTRACTION          = on
      MINIMIZATION                        = full
      MULTI_LEVEL_FACTORING               = on
      NOT_GATE_PUSH_BACK                  = on
      REDUCE_LOGIC                        = on
      REFACTORIZATION                     = on
      REGISTER_OPTIMIZATION               = on
      RESYNTHESIZE_NETWORK                = on
      SLOW_SLEW_RATE                      = off
      SUBFACTOR_EXTRACTION                = on
      IGNORE_SOFT_BUFFERS                 = on
      USE_LPM_FOR_AHDL_OPERATORS          = off

   Other logic synthesis settings:

      Automatic Global Clock              = on
      Automatic Global Clear              = on
      Automatic Global Preset             = on
      Automatic Global Output Enable      = on
      Automatic Fast I/O                  = off
      Automatic Register Packing          = off
      Automatic Open-Drain Pins           = on
      Automatic Implement in EAB          = off
      Optimize                            = 5

Default Timing Specifications: None

Cut All Bidir Feedback Timing Paths       = on
Cut All Clear & Preset Timing Paths       = on

Ignore Timing Assignments                 = off

Functional SNF Extractor                  = off

Linked SNF Extractor                      = off
Timing SNF Extractor                      = on
Optimize Timing SNF                       = off
Generate AHDL TDO File                    = off
Fitter Settings                           = NORMAL
Use Quartus Fitter                        = on
Smart Recompile                           = off
Total Recompile                           = off

Interfaces Menu Commands
------------------------

EDIF Netlist Writer                       = off
Verilog Netlist Writer                    = off
VHDL Netlist Writer                       = off

Compilation Times
-----------------

   Compiler Netlist Extractor             00:00:00
   Database Builder                       00:00:00
   Logic Synthesizer                      00:00:00
   Partitioner                            00:00:00
   Fitter                                 00:00:01
   Timing SNF Extractor                   00:00:00
   Assembler                              00:00:00
   --------------------------             --------
   Total Time                             00:00:01


Memory Allocated
-----------------

Peak memory allocated during compilation  = 10,984K
